Log file open, 10/30/21 20:33:17
LogWindows: Failed to load 'aqProf.dll' (GetLastError=126)
LogWindows: File 'aqProf.dll' does not exist
LogWindows: Failed to load 'VtuneApi.dll' (GetLastError=126)
LogWindows: File 'VtuneApi.dll' does not exist
LogWindows: Failed to load 'VtuneApi32e.dll' (GetLastError=126)
LogWindows: File 'VtuneApi32e.dll' does not exist
LogConsoleResponse: Display: Failed to find resolution value strings in scalability ini. Falling back to default.
LogConsoleResponse: Display: Failed to find resolution value strings in scalability ini. Falling back to default.
LogInit: Display: Running engine for game: LSN_fiast_Game
LogPlatformFile: Not using cached read wrapper
LogTaskGraph: Started task graph with 5 named threads and 23 total threads with 3 sets of task threads.
LogStats: Stats thread started at 7.529975
LogICUInternationalization: ICU TimeZone Detection - Raw Offset: +9:00, Platform Override: ''
LogInit: Display: Loading text-based GConfig....
LogPluginManager: Mounting plugin MeshPainting
LogPluginManager: Mounting plugin XGEController
LogPluginManager: Mounting plugin EnvironmentQueryEditor
LogPluginManager: Mounting plugin Paper2D
LogPluginManager: Mounting plugin LightPropagationVolume
LogPluginManager: Mounting plugin AISupport
LogPluginManager: Mounting plugin OodleData
LogPluginManager: Mounting plugin AnimationSharing
LogPluginManager: Mounting plugin CLionSourceCodeAccess
LogPluginManager: Mounting plugin OodleNetwork
LogPluginManager: Mounting plugin CryptoKeys
LogPluginManager: Mounting plugin DataValidation
LogPluginManager: Mounting plugin CurveEditorTools
LogPluginManager: Mounting plugin AssetManagerEditor
LogPluginManager: Mounting plugin FacialAnimation
LogPluginManager: Mounting plugin GameplayTagsEditor
LogPluginManager: Mounting plugin GeometryMode
LogPluginManager: Mounting plugin LiveLink
LogPluginManager: Mounting plugin MacGraphicsSwitching
LogPluginManager: Mounting plugin MaterialAnalyzer
LogPluginManager: Mounting plugin MobileLauncherProfileWizard
LogPluginManager: Mounting plugin PluginBrowser
LogPluginManager: Mounting plugin SpeedTreeImporter
LogPluginManager: Mounting plugin DatasmithContent
LogPluginManager: Mounting plugin VariantManagerContent
LogPluginManager: Mounting plugin AlembicImporter
LogPluginManager: Mounting plugin AutomationUtils
LogPluginManager: Mounting plugin ChaosCloth
LogPluginManager: Mounting plugin BackChannel
LogPluginManager: Mounting plugin ChaosClothEditor
LogPluginManager: Mounting plugin ChaosEditor
LogPluginManager: Mounting plugin ChaosNiagara
LogPluginManager: Mounting plugin CharacterAI
LogPluginManager: Mounting plugin ChaosSolverPlugin
LogPluginManager: Mounting plugin Niagara
LogPluginManager: Mounting plugin GeometryCache
LogPluginManager: Mounting plugin GeometryCollectionPlugin
LogPluginManager: Mounting plugin GeometryProcessing
LogPluginManager: Mounting plugin MotoSynth
LogPluginManager: Mounting plugin OpenImageDenoise
LogPluginManager: Mounting plugin PlanarCut
LogPluginManager: Mounting plugin PlatformCrypto
LogPluginManager: Mounting plugin ProxyLODPlugin
LogPluginManager: Mounting plugin SkeletalReduction
LogPluginManager: Mounting plugin PythonScriptPlugin
LogPluginManager: Mounting plugin MagicLeap
LogPluginManager: Mounting plugin LuminPlatformFeatures
LogPluginManager: Mounting plugin MagicLeapLightEstimation
LogPluginManager: Mounting plugin MagicLeapMedia
LogPluginManager: Mounting plugin MagicLeapPassableWorld
LogPluginManager: Mounting plugin AndroidMedia
LogPluginManager: Mounting plugin MLSDK
LogPluginManager: Mounting plugin AvfMedia
LogPluginManager: Mounting plugin ImgMedia
LogPluginManager: Mounting plugin MediaCompositing
LogPluginManager: Mounting plugin MediaPlayerEditor
LogPluginManager: Mounting plugin TcpMessaging
LogPluginManager: Mounting plugin UdpMessaging
LogPluginManager: Mounting plugin LevelSequenceEditor
LogPluginManager: Mounting plugin WebMMedia
LogPluginManager: Mounting plugin ActorSequence
LogPluginManager: Mounting plugin MatineeToLevelSequence
LogPluginManager: Mounting plugin WmfMedia
LogPluginManager: Mounting plugin TemplateSequence
LogPluginManager: Mounting plugin OnlineSubsystem
LogPluginManager: Mounting plugin OnlineSubsystemNull
LogPluginManager: Mounting plugin OnlineSubsystemUtils
LogPluginManager: Mounting plugin LauncherChunkInstaller
LogPluginManager: Mounting plugin ActorLayerUtilities
LogPluginManager: Mounting plugin AndroidDeviceProfileSelector
LogPluginManager: Mounting plugin AndroidMoviePlayer
LogPluginManager: Mounting plugin AndroidPermission
LogPluginManager: Mounting plugin AppleMoviePlayer
LogPluginManager: Mounting plugin ArchVisCharacter
LogPluginManager: Mounting plugin AssetTags
LogPluginManager: Mounting plugin AudioCapture
LogPluginManager: Mounting plugin AudioSynesthesia
LogPluginManager: Mounting plugin ChunkDownloader
LogPluginManager: Mounting plugin CustomMeshComponent
LogPluginManager: Mounting plugin AppleImageUtils
LogPluginManager: Mounting plugin CableComponent
LogPluginManager: Mounting plugin EditableMesh
LogPluginManager: Mounting plugin ExampleDeviceProfileSelector
LogPluginManager: Mounting plugin GoogleCloudMessaging
LogPluginManager: Mounting plugin GooglePAD
LogPluginManager: Mounting plugin IOSDeviceProfileSelector
LogPluginManager: Mounting plugin LinuxDeviceProfileSelector
LogPluginManager: Mounting plugin LocationServicesBPLibrary
LogPluginManager: Mounting plugin MobilePatchingUtils
LogPluginManager: Mounting plugin OpenXR
LogPluginManager: Mounting plugin OpenXRHandTracking
LogPluginManager: Mounting plugin PhysXVehicles
LogPluginManager: Mounting plugin PostSplashScreen
LogPluginManager: Mounting plugin ProceduralMeshComponent
LogPluginManager: Mounting plugin OpenXREyeTracker
LogPluginManager: Mounting plugin RuntimePhysXCooking
LogPluginManager: Mounting plugin SignificanceManager
LogPluginManager: Mounting plugin PropertyAccessEditor
LogPluginManager: Mounting plugin SoundFields
LogPluginManager: Mounting plugin Synthesis
LogPluginManager: Mounting plugin WebMMoviePlayer
LogPluginManager: Mounting plugin ScreenshotTools
LogPluginManager: Mounting plugin WindowsMoviePlayer
LogPluginManager: Mounting plugin GameplayCameras
LogPluginManager: Mounting plugin CameraShakePreviewer
LogPluginManager: Mounting plugin CodeLiteSourceCodeAccess
LogPluginManager: Mounting plugin Takes
LogPluginManager: Mounting plugin GitSourceControl
LogPluginManager: Mounting plugin KDevelopSourceCodeAccess
LogPluginManager: Mounting plugin NullSourceCodeAccess
LogPluginManager: Mounting plugin PerforceSourceControl
LogPluginManager: Mounting plugin PixWinPlugin
LogPluginManager: Mounting plugin PluginUtils
LogPluginManager: Mounting plugin PlasticSourceControl
LogPluginManager: Mounting plugin PropertyAccessNode
LogPluginManager: Mounting plugin RiderSourceCodeAccess
LogPluginManager: Mounting plugin TextureFormatOodle
LogPluginManager: Mounting plugin UObjectPlugin
LogPluginManager: Mounting plugin VisualStudioCodeSourceCodeAccess
LogPluginManager: Mounting plugin VisualStudioSourceCodeAccess
LogPluginManager: Mounting plugin SubversionSourceControl
LogPluginManager: Mounting plugin XCodeSourceCodeAccess
LogPluginManager: Mounting plugin ContentBrowserAssetDataSource
LogPluginManager: Mounting plugin ContentBrowserFileDataSource
LogPluginManager: Mounting plugin ContentBrowserClassDataSource
LogPluginManager: Mounting plugin OnlineSubsystemGooglePlay
LogPluginManager: Mounting plugin OnlineSubsystemIOS
LogPluginManager: Mounting plugin OculusVR
LogPluginManager: Mounting plugin SteamVR
LogInit: Using libcurl 7.55.1-DEV
LogInit:  - built for x86_64-pc-win32
LogInit:  - supports SSL with OpenSSL/1.1.1
LogInit:  - supports HTTP deflate (compression) using libz 1.2.8
LogInit:  - other features:
LogInit:      CURL_VERSION_SSL
LogInit:      CURL_VERSION_LIBZ
LogInit:      CURL_VERSION_IPV6
LogInit:      CURL_VERSION_ASYNCHDNS
LogInit:      CURL_VERSION_LARGEFILE
LogInit:      CURL_VERSION_IDN
LogInit:  CurlRequestOptions (configurable via config and command line):
LogInit:  - bVerifyPeer = true  - Libcurl will verify peer certificate
LogInit:  - bUseHttpProxy = false  - Libcurl will NOT use HTTP proxy
LogInit:  - bDontReuseConnections = false  - Libcurl will reuse connections
LogInit:  - MaxHostConnections = 16  - Libcurl will limit the number of connections to a host
LogInit:  - LocalHostAddr = Default
LogInit:  - BufferSize = 65536
LogOnline: OSS: Creating online subsystem instance for: NULL
LogInit: WinSock: version 1.1 (2.2), MaxSocks=32767, MaxUdp=65467
LogOnline: OSS: TryLoadSubsystemAndSetDefault: Loaded subsystem for module [NULL]
PixWinPlugin: PIX capture plugin failed to initialize! Check that the process is launched from PIX.
LogOculusPluginWrapper: OculusPlugin initialized successfully
LogHMD: Failed initializing OVRPlugin 1.59.0
LogInit: Build: ++UE4+Release-4.27-CL-17155196
LogInit: Engine Version: 4.27.0-17155196+++UE4+Release-4.27
LogInit: Compatible Engine Version: 4.27.0-17155196+++UE4+Release-4.27
LogInit: Net CL: 17155196
LogInit: OS: Windows 10 (Release 2009) (), CPU: Intel(R) Core(TM) i7-6700 CPU @ 3.40GHz, GPU: NVIDIA GeForce GTX 1060 3GB
LogInit: Compiled (64-bit): Aug 13 2021 06:13:13
LogInit: Compiled with Visual C++: 19.24.28315.00
LogInit: Build Configuration: Development
LogInit: Branch Name: ++UE4+Release-4.27
LogInit: Command Line: 
LogInit: Base Directory: D:/Unrealengine/UE_4.27/Engine/Binaries/Win64/
LogInit: Allocator: TBB
LogInit: Installed Engine Build: 1
LogDevObjectVersion: Number of dev versions registered: 29
LogDevObjectVersion:   Dev-Blueprints (B0D832E4-1F89-4F0D-ACCF-7EB736FD4AA2): 10
LogDevObjectVersion:   Dev-Build (E1C64328-A22C-4D53-A36C-8E866417BD8C): 0
LogDevObjectVersion:   Dev-Core (375EC13C-06E4-48FB-B500-84F0262A717E): 4
LogDevObjectVersion:   Dev-Editor (E4B068ED-F494-42E9-A231-DA0B2E46BB41): 40
LogDevObjectVersion:   Dev-Framework (CFFC743F-43B0-4480-9391-14DF171D2073): 37
LogDevObjectVersion:   Dev-Mobile (B02B49B5-BB20-44E9-A304-32B752E40360): 3
LogDevObjectVersion:   Dev-Networking (A4E4105C-59A1-49B5-A7C5-40C4547EDFEE): 0
LogDevObjectVersion:   Dev-Online (39C831C9-5AE6-47DC-9A44-9C173E1C8E7C): 0
LogDevObjectVersion:   Dev-Physics (78F01B33-EBEA-4F98-B9B4-84EACCB95AA2): 14
LogDevObjectVersion:   Dev-Platform (6631380F-2D4D-43E0-8009-CF276956A95A): 0
LogDevObjectVersion:   Dev-Rendering (12F88B9F-8875-4AFC-A67C-D90C383ABD29): 45
LogDevObjectVersion:   Dev-Sequencer (7B5AE74C-D270-4C10-A958-57980B212A5A): 13
LogDevObjectVersion:   Dev-VR (D7296918-1DD6-4BDD-9DE2-64A83CC13884): 3
LogDevObjectVersion:   Dev-LoadTimes (C2A15278-BFE7-4AFE-6C17-90FF531DF755): 1
LogDevObjectVersion:   Private-Geometry (6EACA3D4-40EC-4CC1-B786-8BED09428FC5): 3
LogDevObjectVersion:   Dev-AnimPhys (29E575DD-E0A3-4627-9D10-D276232CDCEA): 17
LogDevObjectVersion:   Dev-Anim (AF43A65D-7FD3-4947-9873-3E8ED9C1BB05): 15
LogDevObjectVersion:   Dev-ReflectionCapture (6B266CEC-1EC7-4B8F-A30B-E4D90942FC07): 1
LogDevObjectVersion:   Dev-Automation (0DF73D61-A23F-47EA-B727-89E90C41499A): 1
LogDevObjectVersion:   FortniteMain (601D1886-AC64-4F84-AA16-D3DE0DEAC7D6): 47
LogDevObjectVersion:   FortniteRelease (E7086368-6B23-4C58-8439-1B7016265E91): 1
LogDevObjectVersion:   Dev-Enterprise (9DFFBCD6-494F-0158-E221-12823C92A888): 10
LogDevObjectVersion:   Dev-Niagara (F2AED0AC-9AFE-416F-8664-AA7FFA26D6FC): 1
LogDevObjectVersion:   Dev-Destruction (174F1F0B-B4C6-45A5-B13F-2EE8D0FB917D): 10
LogDevObjectVersion:   Dev-Physics-Ext (35F94A83-E258-406C-A318-09F59610247C): 41
LogDevObjectVersion:   Dev-PhysicsMaterial-Chaos (B68FC16E-8B1B-42E2-B453-215C058844FE): 1
LogDevObjectVersion:   Dev-CineCamera (B2E18506-4273-CFC2-A54E-F4BB758BBA07): 1
LogDevObjectVersion:   Dev-VirtualProduction (64F58936-FD1B-42BA-BA96-7289D5D0FA4E): 1
LogDevObjectVersion:   Dev-MediaFramework (6F0ED827-A609-4895-9C91-998D90180EA4): 2
LogInit: Presizing for max 25165824 objects, including 0 objects not considered by GC, pre-allocating 0 bytes for permanent pool.
LogConfig: Applying CVar settings from Section [/Script/Engine.StreamingSettings] File [D:/Repository/LSN_Games/LSN_fiast_Game/Saved/Config/Windows/Engine.ini]
LogConfig: Setting CVar [[s.MinBulkDataSizeForAsyncLoading:131072]]
LogConfig: Setting CVar [[s.AsyncLoadingThreadEnabled:0]]
LogConfig: Setting CVar [[s.EventDrivenLoaderEnabled:1]]
LogConfig: Setting CVar [[s.WarnIfTimeLimitExceeded:0]]
LogConfig: Setting CVar [[s.TimeLimitExceededMultiplier:1.5]]
LogConfig: Setting CVar [[s.TimeLimitExceededMinTime:0.005]]
LogConfig: Setting CVar [[s.UseBackgroundLevelStreaming:1]]
LogConfig: Setting CVar [[s.PriorityAsyncLoadingExtraTime:15.0]]
LogConfig: Setting CVar [[s.LevelStreamingActorsUpdateTimeLimit:5.0]]
LogConfig: Setting CVar [[s.PriorityLevelStreamingActorsUpdateExtraTime:5.0]]
LogConfig: Setting CVar [[s.LevelStreamingComponentsRegistrationGranularity:10]]
LogConfig: Setting CVar [[s.UnregisterComponentsTimeLimit:1.0]]
LogConfig: Setting CVar [[s.LevelStreamingComponentsUnregistrationGranularity:5]]
LogConfig: Setting CVar [[s.FlushStreamingOnExit:1]]
LogInit: Object subsystem initialized
LogConfig: Setting CVar [[con.DebugEarlyDefault:1]]
LogConfig: Setting CVar [[r.setres:1280x720]]
[2021.10.30-11.33.23:874][  0]LogConfig: Setting CVar [[r.VSync:0]]
[2021.10.30-11.33.23:874][  0]LogConfig: Setting CVar [[r.RHICmdBypass:0]]
[2021.10.30-11.33.23:874][  0]LogConfig: Applying CVar settings from Section [/Script/Engine.RendererSettings] File [D:/Repository/LSN_Games/LSN_fiast_Game/Saved/Config/Windows/Engine.ini]
[2021.10.30-11.33.23:874][  0]LogConfig: Setting CVar [[r.GPUCrashDebugging:0]]
[2021.10.30-11.33.23:874][  0]LogConfig: Applying CVar settings from Section [/Script/Engine.RendererOverrideSettings] File [D:/Repository/LSN_Games/LSN_fiast_Game/Saved/Config/Windows/Engine.ini]
[2021.10.30-11.33.23:874][  0]LogConfig: Applying CVar settings from Section [/Script/Engine.StreamingSettings] File [D:/Repository/LSN_Games/LSN_fiast_Game/Saved/Config/Windows/Engine.ini]
[2021.10.30-11.33.23:874][  0]LogConfig: Setting CVar [[s.MinBulkDataSizeForAsyncLoading:131072]]
[2021.10.30-11.33.23:874][  0]LogConfig: Setting CVar [[s.AsyncLoadingThreadEnabled:0]]
[2021.10.30-11.33.23:874][  0]LogConfig: Setting CVar [[s.EventDrivenLoaderEnabled:1]]
[2021.10.30-11.33.23:874][  0]LogConfig: Setting CVar [[s.WarnIfTimeLimitExceeded:0]]
[2021.10.30-11.33.23:874][  0]LogConfig: Setting CVar [[s.TimeLimitExceededMultiplier:1.5]]
[2021.10.30-11.33.23:874][  0]LogConfig: Setting CVar [[s.TimeLimitExceededMinTime:0.005]]
[2021.10.30-11.33.23:874][  0]LogConfig: Setting CVar [[s.UseBackgroundLevelStreaming:1]]
[2021.10.30-11.33.23:874][  0]LogConfig: Setting CVar [[s.PriorityAsyncLoadingExtraTime:15.0]]
[2021.10.30-11.33.23:874][  0]LogConfig: Setting CVar [[s.LevelStreamingActorsUpdateTimeLimit:5.0]]
[2021.10.30-11.33.23:874][  0]LogConfig: Setting CVar [[s.PriorityLevelStreamingActorsUpdateExtraTime:5.0]]
[2021.10.30-11.33.23:874][  0]LogConfig: Setting CVar [[s.LevelStreamingComponentsRegistrationGranularity:10]]
[2021.10.30-11.33.23:874][  0]LogConfig: Setting CVar [[s.UnregisterComponentsTimeLimit:1.0]]
[2021.10.30-11.33.23:874][  0]LogConfig: Setting CVar [[s.LevelStreamingComponentsUnregistrationGranularity:5]]
[2021.10.30-11.33.23:874][  0]LogConfig: Setting CVar [[s.FlushStreamingOnExit:1]]
[2021.10.30-11.33.23:874][  0]LogConfig: Applying CVar settings from Section [/Script/Engine.GarbageCollectionSettings] File [D:/Repository/LSN_Games/LSN_fiast_Game/Saved/Config/Windows/Engine.ini]
[2021.10.30-11.33.23:874][  0]LogConfig: Setting CVar [[gc.MaxObjectsNotConsideredByGC:1]]
[2021.10.30-11.33.23:874][  0]LogConfig: Setting CVar [[gc.SizeOfPermanentObjectPool:0]]
[2021.10.30-11.33.23:874][  0]LogConfig: Setting CVar [[gc.FlushStreamingOnGC:0]]
[2021.10.30-11.33.23:874][  0]LogConfig: Setting CVar [[gc.NumRetriesBeforeForcingGC:10]]
[2021.10.30-11.33.23:874][  0]LogConfig: Setting CVar [[gc.AllowParallelGC:1]]
[2021.10.30-11.33.23:874][  0]LogConfig: Setting CVar [[gc.TimeBetweenPurgingPendingKillObjects:61.1]]
[2021.10.30-11.33.23:874][  0]LogConfig: Setting CVar [[gc.MaxObjectsInEditor:25165824]]
[2021.10.30-11.33.23:874][  0]LogConfig: Setting CVar [[gc.IncrementalBeginDestroyEnabled:1]]
[2021.10.30-11.33.23:874][  0]LogConfig: Setting CVar [[gc.CreateGCClusters:1]]
[2021.10.30-11.33.23:874][  0]LogConfig: Setting CVar [[gc.MinGCClusterSize:5]]
[2021.10.30-11.33.23:874][  0]LogConfig: Setting CVar [[gc.ActorClusteringEnabled:0]]
[2021.10.30-11.33.23:874][  0]LogConfig: Setting CVar [[gc.BlueprintClusteringEnabled:0]]
[2021.10.30-11.33.23:874][  0]LogConfig: Setting CVar [[gc.UseDisregardForGCOnDedicatedServers:0]]
[2021.10.30-11.33.23:874][  0]LogConfig: Setting CVar [[gc.MultithreadedDestructionEnabled:1]]
[2021.10.30-11.33.23:874][  0]LogConfig: Applying CVar settings from Section [/Script/Engine.NetworkSettings] File [D:/Repository/LSN_Games/LSN_fiast_Game/Saved/Config/Windows/Engine.ini]
[2021.10.30-11.33.23:875][  0]LogConfig: Applying CVar settings from Section [/Script/UnrealEd.CookerSettings] File [D:/Repository/LSN_Games/LSN_fiast_Game/Saved/Config/Windows/Engine.ini]
[2021.10.30-11.33.23:908][  0]LogConfig: Applying CVar settings from Section [ViewDistanceQuality@3] File [D:/Repository/LSN_Games/LSN_fiast_Game/Saved/Config/Windows/Scalability.ini]
[2021.10.30-11.33.23:908][  0]LogConfig: Setting CVar [[r.SkeletalMeshLODBias:0]]
[2021.10.30-11.33.23:908][  0]LogConfig: Setting CVar [[r.ViewDistanceScale:1.0]]
[2021.10.30-11.33.23:908][  0]LogConfig: Applying CVar settings from Section [AntiAliasingQuality@3] File [D:/Repository/LSN_Games/LSN_fiast_Game/Saved/Config/Windows/Scalability.ini]
[2021.10.30-11.33.23:908][  0]LogConfig: Setting CVar [[r.PostProcessAAQuality:4]]
[2021.10.30-11.33.23:908][  0]LogConfig: Applying CVar settings from Section [ShadowQuality@3] File [D:/Repository/LSN_Games/LSN_fiast_Game/Saved/Config/Windows/Scalability.ini]
[2021.10.30-11.33.23:908][  0]LogConfig: Setting CVar [[r.LightFunctionQuality:1]]
[2021.10.30-11.33.23:908][  0]LogConfig: Setting CVar [[r.ShadowQuality:5]]
[2021.10.30-11.33.23:908][  0]LogConfig: Setting CVar [[r.Shadow.CSM.MaxCascades:10]]
[2021.10.30-11.33.23:909][  0]LogConfig: Setting CVar [[r.Shadow.MaxResolution:2048]]
[2021.10.30-11.33.23:909][  0]LogConfig: Setting CVar [[r.Shadow.MaxCSMResolution:2048]]
[2021.10.30-11.33.23:909][  0]LogConfig: Setting CVar [[r.Shadow.RadiusThreshold:0.01]]
[2021.10.30-11.33.23:909][  0]LogConfig: Setting CVar [[r.Shadow.DistanceScale:1.0]]
[2021.10.30-11.33.23:909][  0]LogConfig: Setting CVar [[r.Shadow.CSM.TransitionScale:1.0]]
[2021.10.30-11.33.23:909][  0]LogConfig: Setting CVar [[r.Shadow.PreShadowResolutionFactor:1.0]]
[2021.10.30-11.33.23:909][  0]LogConfig: Setting CVar [[r.DistanceFieldShadowing:1]]
[2021.10.30-11.33.23:909][  0]LogConfig: Setting CVar [[r.DistanceFieldAO:1]]
[2021.10.30-11.33.23:909][  0]LogConfig: Setting CVar [[r.AOQuality:2]]
[2021.10.30-11.33.23:909][  0]LogConfig: Setting CVar [[r.VolumetricFog:1]]
[2021.10.30-11.33.23:909][  0]LogConfig: Setting CVar [[r.VolumetricFog.GridPixelSize:8]]
[2021.10.30-11.33.23:909][  0]LogConfig: Setting CVar [[r.VolumetricFog.GridSizeZ:128]]
[2021.10.30-11.33.23:909][  0]LogConfig: Setting CVar [[r.VolumetricFog.HistoryMissSupersampleCount:4]]
[2021.10.30-11.33.23:909][  0]LogConfig: Setting CVar [[r.LightMaxDrawDistanceScale:1]]
[2021.10.30-11.33.23:909][  0]LogConfig: Setting CVar [[r.CapsuleShadows:1]]
[2021.10.30-11.33.23:909][  0]LogConfig: Applying CVar settings from Section [PostProcessQuality@3] File [D:/Repository/LSN_Games/LSN_fiast_Game/Saved/Config/Windows/Scalability.ini]
[2021.10.30-11.33.23:909][  0]LogConfig: Setting CVar [[r.MotionBlurQuality:4]]
[2021.10.30-11.33.23:909][  0]LogConfig: Setting CVar [[r.AmbientOcclusionMipLevelFactor:0.4]]
[2021.10.30-11.33.23:909][  0]LogConfig: Setting CVar [[r.AmbientOcclusionMaxQuality:100]]
[2021.10.30-11.33.23:909][  0]LogConfig: Setting CVar [[r.AmbientOcclusionLevels:-1]]
[2021.10.30-11.33.23:909][  0]LogConfig: Setting CVar [[r.AmbientOcclusionRadiusScale:1.0]]
[2021.10.30-11.33.23:909][  0]LogConfig: Setting CVar [[r.DepthOfFieldQuality:2]]
[2021.10.30-11.33.23:909][  0]LogConfig: Setting CVar [[r.RenderTargetPoolMin:400]]
[2021.10.30-11.33.23:909][  0]LogConfig: Setting CVar [[r.LensFlareQuality:2]]
[2021.10.30-11.33.23:909][  0]LogConfig: Setting CVar [[r.SceneColorFringeQuality:1]]
[2021.10.30-11.33.23:909][  0]LogConfig: Setting CVar [[r.EyeAdaptationQuality:2]]
[2021.10.30-11.33.23:909][  0]LogConfig: Setting CVar [[r.BloomQuality:5]]
[2021.10.30-11.33.23:909][  0]LogConfig: Setting CVar [[r.FastBlurThreshold:100]]
[2021.10.30-11.33.23:910][  0]LogConfig: Setting CVar [[r.Upscale.Quality:3]]
[2021.10.30-11.33.23:910][  0]LogConfig: Setting CVar [[r.Tonemapper.GrainQuantization:1]]
[2021.10.30-11.33.23:910][  0]LogConfig: Setting CVar [[r.LightShaftQuality:1]]
[2021.10.30-11.33.23:910][  0]LogConfig: Setting CVar [[r.Filter.SizeScale:1]]
[2021.10.30-11.33.23:910][  0]LogConfig: Setting CVar [[r.Tonemapper.Quality:5]]
[2021.10.30-11.33.23:910][  0]LogConfig: Setting CVar [[r.DOF.Gather.AccumulatorQuality:1        ; higher gathering accumulator quality]]
[2021.10.30-11.33.23:910][  0]LogConfig: Setting CVar [[r.DOF.Gather.PostfilterMethod:1          ; Median3x3 postfilering method]]
[2021.10.30-11.33.23:910][  0]LogConfig: Setting CVar [[r.DOF.Gather.EnableBokehSettings:0       ; no bokeh simulation when gathering]]
[2021.10.30-11.33.23:910][  0]LogConfig: Setting CVar [[r.DOF.Gather.RingCount:4                 ; medium number of samples when gathering]]
[2021.10.30-11.33.23:910][  0]LogConfig: Setting CVar [[r.DOF.Scatter.ForegroundCompositing:1    ; additive foreground scattering]]
[2021.10.30-11.33.23:910][  0]LogConfig: Setting CVar [[r.DOF.Scatter.BackgroundCompositing:2    ; additive background scattering]]
[2021.10.30-11.33.23:910][  0]LogConfig: Setting CVar [[r.DOF.Scatter.EnableBokehSettings:1      ; bokeh simulation when scattering]]
[2021.10.30-11.33.23:910][  0]LogConfig: Setting CVar [[r.DOF.Scatter.MaxSpriteRatio:0.1         ; only a maximum of 10% of scattered bokeh]]
[2021.10.30-11.33.23:910][  0]LogConfig: Setting CVar [[r.DOF.Recombine.Quality:1                ; cheap slight out of focus]]
[2021.10.30-11.33.23:910][  0]LogConfig: Setting CVar [[r.DOF.Recombine.EnableBokehSettings:0    ; no bokeh simulation on slight out of focus]]
[2021.10.30-11.33.23:910][  0]LogConfig: Setting CVar [[r.DOF.TemporalAAQuality:1                ; more stable temporal accumulation]]
[2021.10.30-11.33.23:910][  0]LogConfig: Setting CVar [[r.DOF.Kernel.MaxForegroundRadius:0.025]]
[2021.10.30-11.33.23:910][  0]LogConfig: Setting CVar [[r.DOF.Kernel.MaxBackgroundRadius:0.025]]
[2021.10.30-11.33.23:910][  0]LogConfig: Applying CVar settings from Section [TextureQuality@3] File [D:/Repository/LSN_Games/LSN_fiast_Game/Saved/Config/Windows/Scalability.ini]
[2021.10.30-11.33.23:910][  0]LogConfig: Setting CVar [[r.Streaming.MipBias:0]]
[2021.10.30-11.33.23:910][  0]LogConfig: Setting CVar [[r.Streaming.AmortizeCPUToGPUCopy:0]]
[2021.10.30-11.33.23:910][  0]LogConfig: Setting CVar [[r.Streaming.MaxNumTexturesToStreamPerFrame:0]]
[2021.10.30-11.33.23:910][  0]LogConfig: Setting CVar [[r.Streaming.Boost:1]]
[2021.10.30-11.33.23:910][  0]LogConfig: Setting CVar [[r.MaxAnisotropy:8]]
[2021.10.30-11.33.23:910][  0]LogConfig: Setting CVar [[r.VT.MaxAnisotropy:8]]
[2021.10.30-11.33.23:910][  0]LogConfig: Setting CVar [[r.Streaming.LimitPoolSizeToVRAM:0]]
[2021.10.30-11.33.23:910][  0]LogConfig: Setting CVar [[r.Streaming.PoolSize:1000]]
[2021.10.30-11.33.23:910][  0]LogConfig: Setting CVar [[r.Streaming.MaxEffectiveScreenSize:0]]
[2021.10.30-11.33.23:910][  0]LogConfig: Applying CVar settings from Section [EffectsQuality@3] File [D:/Repository/LSN_Games/LSN_fiast_Game/Saved/Config/Windows/Scalability.ini]
[2021.10.30-11.33.23:910][  0]LogConfig: Setting CVar [[r.TranslucencyLightingVolumeDim:64]]
[2021.10.30-11.33.23:910][  0]LogConfig: Setting CVar [[r.RefractionQuality:2]]
[2021.10.30-11.33.23:910][  0]LogConfig: Setting CVar [[r.SSR.Quality:3]]
[2021.10.30-11.33.23:910][  0]LogConfig: Setting CVar [[r.SSR.HalfResSceneColor:0]]
[2021.10.30-11.33.23:910][  0]LogConfig: Setting CVar [[r.SceneColorFormat:4]]
[2021.10.30-11.33.23:910][  0]LogConfig: Setting CVar [[r.DetailMode:2]]
[2021.10.30-11.33.23:910][  0]LogConfig: Setting CVar [[r.TranslucencyVolumeBlur:1]]
[2021.10.30-11.33.23:911][  0]LogConfig: Setting CVar [[r.MaterialQualityLevel:1 ; High quality]]
[2021.10.30-11.33.23:911][  0]LogConfig: Setting CVar [[r.AnisotropicMaterials:1]]
[2021.10.30-11.33.23:911][  0]LogConfig: Setting CVar [[r.SSS.Scale:1]]
[2021.10.30-11.33.23:911][  0]LogConfig: Setting CVar [[r.SSS.SampleSet:2]]
[2021.10.30-11.33.23:911][  0]LogConfig: Setting CVar [[r.SSS.Quality:1]]
[2021.10.30-11.33.23:911][  0]LogConfig: Setting CVar [[r.SSS.HalfRes:0]]
[2021.10.30-11.33.23:911][  0]LogConfig: Setting CVar [[r.SSGI.Quality:3]]
[2021.10.30-11.33.23:911][  0]LogConfig: Setting CVar [[r.EmitterSpawnRateScale:1.0]]
[2021.10.30-11.33.23:911][  0]LogConfig: Setting CVar [[r.ParticleLightQuality:2]]
[2021.10.30-11.33.23:911][  0]LogConfig: Setting CVar [[r.SkyAtmosphere.AerialPerspectiveLUT.FastApplyOnOpaque:1 ; Always have FastSkyLUT 1 in this case to avoid wrong sky]]
[2021.10.30-11.33.23:911][  0]LogConfig: Setting CVar [[r.SkyAtmosphere.AerialPerspectiveLUT.SampleCountMaxPerSlice:4]]
[2021.10.30-11.33.23:911][  0]LogConfig: Setting CVar [[r.SkyAtmosphere.AerialPerspectiveLUT.DepthResolution:16.0]]
[2021.10.30-11.33.23:911][  0]LogConfig: Setting CVar [[r.SkyAtmosphere.FastSkyLUT:1]]
[2021.10.30-11.33.23:911][  0]LogConfig: Setting CVar [[r.SkyAtmosphere.FastSkyLUT.SampleCountMin:4.0]]
[2021.10.30-11.33.23:911][  0]LogConfig: Setting CVar [[r.SkyAtmosphere.FastSkyLUT.SampleCountMax:128.0]]
[2021.10.30-11.33.23:911][  0]LogConfig: Setting CVar [[r.SkyAtmosphere.SampleCountMin:4.0]]
[2021.10.30-11.33.23:911][  0]LogConfig: Setting CVar [[r.SkyAtmosphere.SampleCountMax:128.0]]
[2021.10.30-11.33.23:911][  0]LogConfig: Setting CVar [[r.SkyAtmosphere.TransmittanceLUT.UseSmallFormat:0]]
[2021.10.30-11.33.23:911][  0]LogConfig: Setting CVar [[r.SkyAtmosphere.TransmittanceLUT.SampleCount:10.0]]
[2021.10.30-11.33.23:911][  0]LogConfig: Setting CVar [[r.SkyAtmosphere.MultiScatteringLUT.SampleCount:15.0]]
[2021.10.30-11.33.23:911][  0]LogConfig: Setting CVar [[r.SkyLight.RealTimeReflectionCapture:1]]
[2021.10.30-11.33.23:911][  0]LogConfig: Applying CVar settings from Section [FoliageQuality@3] File [D:/Repository/LSN_Games/LSN_fiast_Game/Saved/Config/Windows/Scalability.ini]
[2021.10.30-11.33.23:911][  0]LogConfig: Setting CVar [[foliage.DensityScale:1.0]]
[2021.10.30-11.33.23:911][  0]LogConfig: Setting CVar [[grass.DensityScale:1.0]]
[2021.10.30-11.33.23:911][  0]LogConfig: Applying CVar settings from Section [ShadingQuality@3] File [D:/Repository/LSN_Games/LSN_fiast_Game/Saved/Config/Windows/Scalability.ini]
[2021.10.30-11.33.23:911][  0]LogConfig: Setting CVar [[r.HairStrands.SkyLighting.IntegrationType:2]]
[2021.10.30-11.33.23:911][  0]LogConfig: Setting CVar [[r.HairStrands.SkyAO.SampleCount:4]]
[2021.10.30-11.33.23:911][  0]LogConfig: Setting CVar [[r.HairStrands.Visibility.MSAA.SamplePerPixel:4]]
[2021.10.30-11.33.23:911][  0]LogInit: Selected Device Profile: [Windows]
[2021.10.30-11.33.23:911][  0]LogInit: Applying CVar settings loaded from the selected device profile: [Windows]
[2021.10.30-11.33.23:911][  0]LogHAL: Display: Platform has ~ 16 GB [17127309312 / 17179869184 / 16], which maps to Larger [LargestMinGB=32, LargerMinGB=12, DefaultMinGB=8, SmallerMinGB=6, SmallestMinGB=0)
[2021.10.30-11.33.23:911][  0]LogInit: Going up to parent DeviceProfile []
[2021.10.30-11.33.23:911][  0]LogConfig: Applying CVar settings from Section [ViewDistanceQuality@3] File [D:/Repository/LSN_Games/LSN_fiast_Game/Saved/Config/Windows/Scalability.ini]
[2021.10.30-11.33.23:911][  0]LogConfig: Setting CVar [[r.SkeletalMeshLODBias:0]]
[2021.10.30-11.33.23:911][  0]LogConfig: Setting CVar [[r.ViewDistanceScale:1.0]]
[2021.10.30-11.33.23:911][  0]LogConfig: Applying CVar settings from Section [AntiAliasingQuality@3] File [D:/Repository/LSN_Games/LSN_fiast_Game/Saved/Config/Windows/Scalability.ini]
[2021.10.30-11.33.23:911][  0]LogConfig: Setting CVar [[r.PostProcessAAQuality:4]]
[2021.10.30-11.33.23:912][  0]LogConfig: Applying CVar settings from Section [ShadowQuality@3] File [D:/Repository/LSN_Games/LSN_fiast_Game/Saved/Config/Windows/Scalability.ini]
[2021.10.30-11.33.23:912][  0]LogConfig: Setting CVar [[r.LightFunctionQuality:1]]
[2021.10.30-11.33.23:912][  0]LogConfig: Setting CVar [[r.ShadowQuality:5]]
[2021.10.30-11.33.23:912][  0]LogConfig: Setting CVar [[r.Shadow.CSM.MaxCascades:10]]
[2021.10.30-11.33.23:912][  0]LogConfig: Setting CVar [[r.Shadow.MaxResolution:2048]]
[2021.10.30-11.33.23:912][  0]LogConfig: Setting CVar [[r.Shadow.MaxCSMResolution:2048]]
[2021.10.30-11.33.23:912][  0]LogConfig: Setting CVar [[r.Shadow.RadiusThreshold:0.01]]
[2021.10.30-11.33.23:912][  0]LogConfig: Setting CVar [[r.Shadow.DistanceScale:1.0]]
[2021.10.30-11.33.23:912][  0]LogConfig: Setting CVar [[r.Shadow.CSM.TransitionScale:1.0]]
[2021.10.30-11.33.23:912][  0]LogConfig: Setting CVar [[r.Shadow.PreShadowResolutionFactor:1.0]]
[2021.10.30-11.33.23:912][  0]LogConfig: Setting CVar [[r.DistanceFieldShadowing:1]]
[2021.10.30-11.33.23:912][  0]LogConfig: Setting CVar [[r.DistanceFieldAO:1]]
[2021.10.30-11.33.23:912][  0]LogConfig: Setting CVar [[r.AOQuality:2]]
[2021.10.30-11.33.23:912][  0]LogConfig: Setting CVar [[r.VolumetricFog:1]]
[2021.10.30-11.33.23:912][  0]LogConfig: Setting CVar [[r.VolumetricFog.GridPixelSize:8]]
[2021.10.30-11.33.23:912][  0]LogConfig: Setting CVar [[r.VolumetricFog.GridSizeZ:128]]
[2021.10.30-11.33.23:912][  0]LogConfig: Setting CVar [[r.VolumetricFog.HistoryMissSupersampleCount:4]]
[2021.10.30-11.33.23:912][  0]LogConfig: Setting CVar [[r.LightMaxDrawDistanceScale:1]]
[2021.10.30-11.33.23:912][  0]LogConfig: Setting CVar [[r.CapsuleShadows:1]]
[2021.10.30-11.33.23:912][  0]LogConfig: Applying CVar settings from Section [PostProcessQuality@3] File [D:/Repository/LSN_Games/LSN_fiast_Game/Saved/Config/Windows/Scalability.ini]
[2021.10.30-11.33.23:912][  0]LogConfig: Setting CVar [[r.MotionBlurQuality:4]]
[2021.10.30-11.33.23:912][  0]LogConfig: Setting CVar [[r.AmbientOcclusionMipLevelFactor:0.4]]
[2021.10.30-11.33.23:912][  0]LogConfig: Setting CVar [[r.AmbientOcclusionMaxQuality:100]]
[2021.10.30-11.33.23:912][  0]LogConfig: Setting CVar [[r.AmbientOcclusionLevels:-1]]
[2021.10.30-11.33.23:912][  0]LogConfig: Setting CVar [[r.AmbientOcclusionRadiusScale:1.0]]
[2021.10.30-11.33.23:912][  0]LogConfig: Setting CVar [[r.DepthOfFieldQuality:2]]
[2021.10.30-11.33.23:912][  0]LogConfig: Setting CVar [[r.RenderTargetPoolMin:400]]
[2021.10.30-11.33.23:912][  0]LogConfig: Setting CVar [[r.LensFlareQuality:2]]
[2021.10.30-11.33.23:912][  0]LogConfig: Setting CVar [[r.SceneColorFringeQuality:1]]
[2021.10.30-11.33.23:912][  0]LogConfig: Setting CVar [[r.EyeAdaptationQuality:2]]
[2021.10.30-11.33.23:912][  0]LogConfig: Setting CVar [[r.BloomQuality:5]]
[2021.10.30-11.33.23:912][  0]LogConfig: Setting CVar [[r.FastBlurThreshold:100]]
[2021.10.30-11.33.23:912][  0]LogConfig: Setting CVar [[r.Upscale.Quality:3]]
[2021.10.30-11.33.23:912][  0]LogConfig: Setting CVar [[r.Tonemapper.GrainQuantization:1]]
[2021.10.30-11.33.23:912][  0]LogConfig: Setting CVar [[r.LightShaftQuality:1]]
[2021.10.30-11.33.23:912][  0]LogConfig: Setting CVar [[r.Filter.SizeScale:1]]
[2021.10.30-11.33.23:912][  0]LogConfig: Setting CVar [[r.Tonemapper.Quality:5]]
[2021.10.30-11.33.23:912][  0]LogConfig: Setting CVar [[r.DOF.Gather.AccumulatorQuality:1        ; higher gathering accumulator quality]]
[2021.10.30-11.33.23:912][  0]LogConfig: Setting CVar [[r.DOF.Gather.PostfilterMethod:1          ; Median3x3 postfilering method]]
[2021.10.30-11.33.23:912][  0]LogConfig: Setting CVar [[r.DOF.Gather.EnableBokehSettings:0       ; no bokeh simulation when gathering]]
[2021.10.30-11.33.23:912][  0]LogConfig: Setting CVar [[r.DOF.Gather.RingCount:4                 ; medium number of samples when gathering]]
[2021.10.30-11.33.23:912][  0]LogConfig: Setting CVar [[r.DOF.Scatter.ForegroundCompositing:1    ; additive foreground scattering]]
[2021.10.30-11.33.23:912][  0]LogConfig: Setting CVar [[r.DOF.Scatter.BackgroundCompositing:2    ; additive background scattering]]
[2021.10.30-11.33.23:912][  0]LogConfig: Setting CVar [[r.DOF.Scatter.EnableBokehSettings:1      ; bokeh simulation when scattering]]
[2021.10.30-11.33.23:912][  0]LogConfig: Setting CVar [[r.DOF.Scatter.MaxSpriteRatio:0.1         ; only a maximum of 10% of scattered bokeh]]
[2021.10.30-11.33.23:912][  0]LogConfig: Setting CVar [[r.DOF.Recombine.Quality:1                ; cheap slight out of focus]]
[2021.10.30-11.33.23:912][  0]LogConfig: Setting CVar [[r.DOF.Recombine.EnableBokehSettings:0    ; no bokeh simulation on slight out of focus]]
[2021.10.30-11.33.23:912][  0]LogConfig: Setting CVar [[r.DOF.TemporalAAQuality:1                ; more stable temporal accumulation]]
[2021.10.30-11.33.23:912][  0]LogConfig: Setting CVar [[r.DOF.Kernel.MaxForegroundRadius:0.025]]
[2021.10.30-11.33.23:912][  0]LogConfig: Setting CVar [[r.DOF.Kernel.MaxBackgroundRadius:0.025]]
[2021.10.30-11.33.23:912][  0]LogConfig: Applying CVar settings from Section [TextureQuality@3] File [D:/Repository/LSN_Games/LSN_fiast_Game/Saved/Config/Windows/Scalability.ini]
[2021.10.30-11.33.23:913][  0]LogConfig: Setting CVar [[r.Streaming.MipBias:0]]
[2021.10.30-11.33.23:913][  0]LogConfig: Setting CVar [[r.Streaming.AmortizeCPUToGPUCopy:0]]
[2021.10.30-11.33.23:913][  0]LogConfig: Setting CVar [[r.Streaming.MaxNumTexturesToStreamPerFrame:0]]
[2021.10.30-11.33.23:913][  0]LogConfig: Setting CVar [[r.Streaming.Boost:1]]
[2021.10.30-11.33.23:913][  0]LogConfig: Setting CVar [[r.MaxAnisotropy:8]]
[2021.10.30-11.33.23:913][  0]LogConfig: Setting CVar [[r.VT.MaxAnisotropy:8]]
[2021.10.30-11.33.23:913][  0]LogConfig: Setting CVar [[r.Streaming.LimitPoolSizeToVRAM:0]]
[2021.10.30-11.33.23:913][  0]LogConfig: Setting CVar [[r.Streaming.PoolSize:1000]]
[2021.10.30-11.33.23:913][  0]LogConfig: Setting CVar [[r.Streaming.MaxEffectiveScreenSize:0]]
[2021.10.30-11.33.23:913][  0]LogConfig: Applying CVar settings from Section [EffectsQuality@3] File [D:/Repository/LSN_Games/LSN_fiast_Game/Saved/Config/Windows/Scalability.ini]
[2021.10.30-11.33.23:913][  0]LogConfig: Setting CVar [[r.TranslucencyLightingVolumeDim:64]]
[2021.10.30-11.33.23:913][  0]LogConfig: Setting CVar [[r.RefractionQuality:2]]
[2021.10.30-11.33.23:913][  0]LogConfig: Setting CVar [[r.SSR.Quality:3]]
[2021.10.30-11.33.23:913][  0]LogConfig: Setting CVar [[r.SSR.HalfResSceneColor:0]]
[2021.10.30-11.33.23:913][  0]LogConfig: Setting CVar [[r.SceneColorFormat:4]]
[2021.10.30-11.33.23:913][  0]LogConfig: Setting CVar [[r.DetailMode:2]]
[2021.10.30-11.33.23:913][  0]LogConfig: Setting CVar [[r.TranslucencyVolumeBlur:1]]
[2021.10.30-11.33.23:913][  0]LogConfig: Setting CVar [[r.MaterialQualityLevel:1 ; High quality]]
[2021.10.30-11.33.23:913][  0]LogConfig: Setting CVar [[r.AnisotropicMaterials:1]]
[2021.10.30-11.33.23:913][  0]LogConfig: Setting CVar [[r.SSS.Scale:1]]
[2021.10.30-11.33.23:913][  0]LogConfig: Setting CVar [[r.SSS.SampleSet:2]]
[2021.10.30-11.33.23:913][  0]LogConfig: Setting CVar [[r.SSS.Quality:1]]
[2021.10.30-11.33.23:913][  0]LogConfig: Setting CVar [[r.SSS.HalfRes:0]]
[2021.10.30-11.33.23:913][  0]LogConfig: Setting CVar [[r.SSGI.Quality:3]]
[2021.10.30-11.33.23:913][  0]LogConfig: Setting CVar [[r.EmitterSpawnRateScale:1.0]]
[2021.10.30-11.33.23:913][  0]LogConfig: Setting CVar [[r.ParticleLightQuality:2]]
[2021.10.30-11.33.23:913][  0]LogConfig: Setting CVar [[r.SkyAtmosphere.AerialPerspectiveLUT.FastApplyOnOpaque:1 ; Always have FastSkyLUT 1 in this case to avoid wrong sky]]
[2021.10.30-11.33.23:913][  0]LogConfig: Setting CVar [[r.SkyAtmosphere.AerialPerspectiveLUT.SampleCountMaxPerSlice:4]]
[2021.10.30-11.33.23:913][  0]LogConfig: Setting CVar [[r.SkyAtmosphere.AerialPerspectiveLUT.DepthResolution:16.0]]
[2021.10.30-11.33.23:913][  0]LogConfig: Setting CVar [[r.SkyAtmosphere.FastSkyLUT:1]]
[2021.10.30-11.33.23:913][  0]LogConfig: Setting CVar [[r.SkyAtmosphere.FastSkyLUT.SampleCountMin:4.0]]
[2021.10.30-11.33.23:913][  0]LogConfig: Setting CVar [[r.SkyAtmosphere.FastSkyLUT.SampleCountMax:128.0]]
[2021.10.30-11.33.23:913][  0]LogConfig: Setting CVar [[r.SkyAtmosphere.SampleCountMin:4.0]]
[2021.10.30-11.33.23:913][  0]LogConfig: Setting CVar [[r.SkyAtmosphere.SampleCountMax:128.0]]
[2021.10.30-11.33.23:913][  0]LogConfig: Setting CVar [[r.SkyAtmosphere.TransmittanceLUT.UseSmallFormat:0]]
[2021.10.30-11.33.23:913][  0]LogConfig: Setting CVar [[r.SkyAtmosphere.TransmittanceLUT.SampleCount:10.0]]
[2021.10.30-11.33.23:913][  0]LogConfig: Setting CVar [[r.SkyAtmosphere.MultiScatteringLUT.SampleCount:15.0]]
[2021.10.30-11.33.23:913][  0]LogConfig: Setting CVar [[r.SkyLight.RealTimeReflectionCapture:1]]
[2021.10.30-11.33.23:913][  0]LogConfig: Applying CVar settings from Section [FoliageQuality@3] File [D:/Repository/LSN_Games/LSN_fiast_Game/Saved/Config/Windows/Scalability.ini]
[2021.10.30-11.33.23:913][  0]LogConfig: Setting CVar [[foliage.DensityScale:1.0]]
[2021.10.30-11.33.23:913][  0]LogConfig: Setting CVar [[grass.DensityScale:1.0]]
[2021.10.30-11.33.23:913][  0]LogConfig: Applying CVar settings from Section [ShadingQuality@3] File [D:/Repository/LSN_Games/LSN_fiast_Game/Saved/Config/Windows/Scalability.ini]
[2021.10.30-11.33.23:913][  0]LogConfig: Setting CVar [[r.HairStrands.SkyLighting.IntegrationType:2]]
[2021.10.30-11.33.23:913][  0]LogConfig: Setting CVar [[r.HairStrands.SkyAO.SampleCount:4]]
[2021.10.30-11.33.23:913][  0]LogConfig: Setting CVar [[r.HairStrands.Visibility.MSAA.SamplePerPixel:4]]
[2021.10.30-11.33.23:913][  0]LogConfig: Applying CVar settings from Section [Startup] File [../../../Engine/Config/ConsoleVariables.ini]
[2021.10.30-11.33.23:921][  0]LogConfig: Setting CVar [[net.UseAdaptiveNetUpdateFrequency:0]]
[2021.10.30-11.33.23:921][  0]LogConfig: Setting CVar [[p.chaos.AllowCreatePhysxBodies:1]]
[2021.10.30-11.33.23:921][  0]LogConfig: Setting CVar [[fx.SkipVectorVMBackendOptimizations:1]]
[2021.10.30-11.33.23:922][  0]LogConfig: Applying CVar settings from Section [ConsoleVariables] File [D:/Repository/LSN_Games/LSN_fiast_Game/Saved/Config/Windows/Engine.ini]
[2021.10.30-11.33.23:922][  0]LogConfig: Applying CVar settings from Section [ConsoleVariables] File [D:/Repository/LSN_Games/LSN_fiast_Game/Saved/Config/Windows/Editor.ini]
[2021.10.30-11.33.23:922][  0]LogInit: Computer: DESKTOP-5K6PNL6
[2021.10.30-11.33.23:922][  0]LogInit: User: Xyng
[2021.10.30-11.33.23:922][  0]LogInit: CPU Page size=4096, Cores=4
[2021.10.30-11.33.23:922][  0]LogInit: High frequency timer resolution =10.000000 MHz
[2021.10.30-11.33.23:922][  0]LogMemory: Memory total: Physical=16.0GB (16GB approx)
[2021.10.30-11.33.23:922][  0]LogMemory: Platform Memory Stats for Windows
[2021.10.30-11.33.23:922][  0]LogMemory: Process Physical Memory: 146.97 MB used, 146.97 MB peak
[2021.10.30-11.33.23:922][  0]LogMemory: Process Virtual Memory: 128.43 MB used, 128.43 MB peak
[2021.10.30-11.33.23:922][  0]LogMemory: Physical Memory: 13559.06 MB used,  2774.81 MB free, 16333.88 MB total
[2021.10.30-11.33.23:922][  0]LogMemory: Virtual Memory: 134212392.00 MB used,  5338.00 MB free, 134217728.00 MB total
[2021.10.30-11.33.23:934][  0]LogWindows: WindowsPlatformFeatures enabled
[2021.10.30-11.33.24:861][  0]LogInit: Physics initialised using underlying interface: PhysX
[2021.10.30-11.33.24:931][  0]LogInit: Using OS detected language (ja-JP).
[2021.10.30-11.33.24:931][  0]LogInit: Using OS detected locale (ja-JP).
[2021.10.30-11.33.24:945][  0]LogTextLocalizationManager: No specific localization for 'ja-JP' exists, so the 'ja' localization will be used.
[2021.10.30-11.33.29:255][  0]LogInit: Setting process to per monitor DPI aware
[2021.10.30-11.33.29:351][  0]LogWindowsTextInputMethodSystem: Display: IME system deactivated.
[2021.10.30-11.33.29:849][  0]LogSlate: New Slate User Created.  User Index 0, Is Virtual User: 0
[2021.10.30-11.33.29:849][  0]LogSlate: Slate User Registered.  User Index 0, Is Virtual User: 0
[2021.10.30-11.33.31:898][  0]LogD3D11RHI: Loaded GFSDK_Aftermath_Lib.x64.dll
[2021.10.30-11.33.31:924][  0]LogHMD: Failed to initialize OpenVR with code 110
[2021.10.30-11.33.31:925][  0]LogD3D11RHI: D3D11 min allowed feature level: 11_0
[2021.10.30-11.33.31:925][  0]LogD3D11RHI: D3D11 max allowed feature level: 11_0
[2021.10.30-11.33.31:925][  0]LogD3D11RHI: D3D11 adapters:
[2021.10.30-11.33.32:157][  0]LogD3D11RHI:    0. 'NVIDIA GeForce GTX 1060 3GB' (Feature Level 11_0)
[2021.10.30-11.33.32:157][  0]LogD3D11RHI:       2988/0/8166 MB DedicatedVideo/DedicatedSystem/SharedSystem, Outputs:2, VendorId:0x10de
[2021.10.30-11.33.32:169][  0]LogD3D11RHI:    1. 'Microsoft Basic Render Driver' (Feature Level 11_0)
[2021.10.30-11.33.32:170][  0]LogD3D11RHI:       0/0/8166 MB DedicatedVideo/DedicatedSystem/SharedSystem, Outputs:0, VendorId:0x1414
[2021.10.30-11.33.32:170][  0]LogD3D11RHI: Chosen D3D11 Adapter: 0
[2021.10.30-11.33.32:181][  0]LogD3D11RHI: Creating new Direct3DDevice
[2021.10.30-11.33.32:182][  0]LogD3D11RHI:     GPU DeviceId: 0x1c02 (for the marketing name, search the web for "GPU Device Id")
[2021.10.30-11.33.32:182][  0]LogWindows: EnumDisplayDevices:
[2021.10.30-11.33.32:182][  0]LogWindows:    0. 'NVIDIA GeForce GTX 1060 3GB' (P:1 D:1)
[2021.10.30-11.33.32:182][  0]LogWindows:    1. 'NVIDIA GeForce GTX 1060 3GB' (P:0 D:1)
[2021.10.30-11.33.32:183][  0]LogWindows:    2. 'NVIDIA GeForce GTX 1060 3GB' (P:0 D:0)
[2021.10.30-11.33.32:184][  0]LogWindows:    3. 'NVIDIA GeForce GTX 1060 3GB' (P:0 D:0)
[2021.10.30-11.33.32:184][  0]LogWindows: DebugString: FoundDriverCount:4 
[2021.10.30-11.33.32:184][  0]LogD3D11RHI:     Adapter Name: NVIDIA GeForce GTX 1060 3GB
[2021.10.30-11.33.32:184][  0]LogD3D11RHI:   Driver Version: 496.49 (internal:30.0.14.9649, unified:496.49)
[2021.10.30-11.33.32:184][  0]LogD3D11RHI:      Driver Date: 10-20-2021
[2021.10.30-11.33.32:184][  0]LogRHI: Texture pool is 2091 MB (70% of 2988 MB)
[2021.10.30-11.33.32:400][  0]LogD3D11RHI: RHI has support for 64 bit atomics
[2021.10.30-11.33.32:401][  0]LogD3D11RHI: Async texture creation enabled
[2021.10.30-11.33.32:401][  0]LogD3D11RHI: Array index from any shader is supported
[2021.10.30-11.33.32:455][  0]LogD3D11RHI: GPU Timing Frequency: 1000.000000 (Debug: 2 2)
[2021.10.30-11.33.32:767][  0]LogRHI: GeForceNow SDK initialized: 1
[2021.10.30-11.33.34:313][  0]LogTargetPlatformManager: Display: Loaded TargetPlatform 'AllDesktop'
[2021.10.30-11.33.34:420][  0]LogTargetPlatformManager: Display: Loaded TargetPlatform 'Android'
[2021.10.30-11.33.34:420][  0]LogTargetPlatformManager: Display: Loaded TargetPlatform 'Android_ASTC'
[2021.10.30-11.33.34:420][  0]LogTargetPlatformManager: Display: Loaded TargetPlatform 'Android_DXT'
[2021.10.30-11.33.34:420][  0]LogTargetPlatformManager: Display: Loaded TargetPlatform 'Android_ETC2'
[2021.10.30-11.33.34:420][  0]LogTargetPlatformManager: Display: Loaded TargetPlatform 'AndroidClient'
[2021.10.30-11.33.34:420][  0]LogTargetPlatformManager: Display: Loaded TargetPlatform 'Android_ASTCClient'
[2021.10.30-11.33.34:420][  0]LogTargetPlatformManager: Display: Loaded TargetPlatform 'Android_DXTClient'
[2021.10.30-11.33.34:420][  0]LogTargetPlatformManager: Display: Loaded TargetPlatform 'Android_ETC2Client'
[2021.10.30-11.33.34:420][  0]LogTargetPlatformManager: Display: Loaded TargetPlatform 'Android_Multi'
[2021.10.30-11.33.34:420][  0]LogTargetPlatformManager: Display: Loaded TargetPlatform 'Android_MultiClient'
[2021.10.30-11.33.34:582][  0]LogTargetPlatformManager: Display: Loaded TargetPlatform 'IOSClient'
[2021.10.30-11.33.34:582][  0]LogTargetPlatformManager: Display: Loaded TargetPlatform 'IOS'
[2021.10.30-11.33.34:641][  0]LogTargetPlatformManager: Display: Loaded TargetPlatform 'Linux'
[2021.10.30-11.33.34:669][  0]LogTargetPlatformManager: Display: Loaded TargetPlatform 'LinuxNoEditor'
[2021.10.30-11.33.34:738][  0]LogTargetPlatformManager: Display: Loaded TargetPlatform 'LinuxClient'
[2021.10.30-11.33.34:787][  0]LogTargetPlatformManager: Display: Loaded TargetPlatform 'LinuxServer'
[2021.10.30-11.33.34:869][  0]LogTargetPlatformManager: Display: Loaded TargetPlatform 'LinuxAArch64NoEditor'
[2021.10.30-11.33.34:902][  0]LogTargetPlatformManager: Display: Loaded TargetPlatform 'LinuxAArch64Client'
[2021.10.30-11.33.34:977][  0]LogTargetPlatformManager: Display: Loaded TargetPlatform 'LinuxAArch64Server'
[2021.10.30-11.33.35:052][  0]LogTargetPlatformManager: Display: Loaded TargetPlatform 'Lumin'
[2021.10.30-11.33.35:052][  0]LogTargetPlatformManager: Display: Loaded TargetPlatform 'LuminClient'
[2021.10.30-11.33.35:192][  0]LogTargetPlatformManager: Display: Loaded TargetPlatform 'MacNoEditor'
[2021.10.30-11.33.35:312][  0]LogTargetPlatformManager: Display: Loaded TargetPlatform 'Mac'
[2021.10.30-11.33.35:384][  0]LogTargetPlatformManager: Display: Loaded TargetPlatform 'MacClient'
[2021.10.30-11.33.35:411][  0]LogTargetPlatformManager: Display: Loaded TargetPlatform 'MacServer'
[2021.10.30-11.33.35:465][  0]LogTargetPlatformManager: Display: Loaded TargetPlatform 'TVOSClient'
[2021.10.30-11.33.35:465][  0]LogTargetPlatformManager: Display: Loaded TargetPlatform 'TVOS'
[2021.10.30-11.33.35:501][  0]LogTargetPlatformManager: Display: Loaded TargetPlatform 'WindowsNoEditor'
[2021.10.30-11.33.35:555][  0]LogTargetPlatformManager: Display: Loaded TargetPlatform 'Windows'
[2021.10.30-11.33.35:594][  0]LogTargetPlatformManager: Display: Loaded TargetPlatform 'WindowsClient'
[2021.10.30-11.33.35:637][  0]LogTargetPlatformManager: Display: Loaded TargetPlatform 'WindowsServer'
[2021.10.30-11.33.35:638][  0]LogTargetPlatformManager: Display: Building Assets For Windows
[2021.10.30-11.33.35:874][  0]LogAudioDebug: Display: Lib vorbis DLL was dynamically loaded.
[2021.10.30-11.33.36:372][  0]LogTextureFormatOodle: Display: Oodle Texture 2.9.0 init RDO Off
[2021.10.30-11.33.37:334][  0]LogRendererCore: Ray tracing is disabled. Reason: r.RayTracing=0.
[2021.10.30-11.33.37:334][  0]LogShaderCompilers: Guid format shader working directory is -5 characters bigger than the processId version (../../../../../Repository/LSN_Games/LSN_fiast_Game/Intermediate/Shaders/WorkingDirectory/10712/).
[2021.10.30-11.33.37:334][  0]LogShaderCompilers: Cleaned the shader compiler working directory 'C:/Users/tymko/AppData/Local/Temp/UnrealShaderWorkingDir/EEA24F444F43AC1CF407A8BE85B7F0D3/'.
[2021.10.30-11.33.37:335][  0]LogXGEController: Cannot use XGE Controller as Incredibuild is not installed on this machine.
[2021.10.30-11.33.37:335][  0]LogShaderCompilers: Cannot use XGE Shader Compiler as Incredibuild is not installed on this machine.
[2021.10.30-11.33.37:335][  0]LogShaderCompilers: Display: Using Local Shader Compiler.
[2021.10.30-11.33.46:070][  0]LogDerivedDataCache: Display: Max Cache Size: 512 MB
[2021.10.30-11.33.46:172][  0]LogDerivedDataCache: Loaded boot cache 0.10s 95MB C:/Users/tymko/AppData/Local/UnrealEngine/4.27/DerivedDataCache/Boot.ddc.
[2021.10.30-11.33.46:172][  0]LogDerivedDataCache: Display: Loaded Boot cache: C:/Users/tymko/AppData/Local/UnrealEngine/4.27/DerivedDataCache/Boot.ddc
[2021.10.30-11.33.46:172][  0]LogDerivedDataCache: FDerivedDataBackendGraph:  Pak pak cache file ../../../../../Repository/LSN_Games/LSN_fiast_Game/DerivedDataCache/DDC.ddp not found, will not use a pak cache.
[2021.10.30-11.33.46:172][  0]LogDerivedDataCache: Unable to find inner node Pak for hierarchical cache Hierarchy.
[2021.10.30-11.33.46:172][  0]LogDerivedDataCache: FDerivedDataBackendGraph:  CompressedPak pak cache file ../../../../../Repository/LSN_Games/LSN_fiast_Game/DerivedDataCache/Compressed.ddp not found, will not use a pak cache.
[2021.10.30-11.33.46:172][  0]LogDerivedDataCache: Unable to find inner node CompressedPak for hierarchical cache Hierarchy.
[2021.10.30-11.33.46:633][  0]LogDerivedDataCache: Display: Pak cache opened for reading ../../../Engine/DerivedDataCache/Compressed.ddp.
[2021.10.30-11.33.46:634][  0]LogDerivedDataCache: FDerivedDataBackendGraph:  EnterprisePak pak cache file ../../../Enterprise/DerivedDataCache/Compressed.ddp not found, will not use a pak cache.
[2021.10.30-11.33.46:634][  0]LogDerivedDataCache: Unable to find inner node EnterprisePak for hierarchical cache Hierarchy.
[2021.10.30-11.33.46:663][  0]LogDerivedDataCache: Speed tests for C:/Users/tymko/AppData/Local/UnrealEngine/Common/DerivedDataCache took 0.03 seconds
[2021.10.30-11.33.46:663][  0]LogDerivedDataCache: Display: Performance to C:/Users/tymko/AppData/Local/UnrealEngine/Common/DerivedDataCache: Latency=0.15ms. RandomReadSpeed=45.17MBs, RandomWriteSpeed=144.03MBs. Assigned SpeedClass 'Local'
[2021.10.30-11.33.46:679][  0]LogDerivedDataCache: Using Local data cache path C:/Users/tymko/AppData/Local/UnrealEngine/Common/DerivedDataCache: Writable
[2021.10.30-11.33.46:679][  0]LogDerivedDataCache: Shared data cache path not found in *engine.ini, will not use an Shared cache.
[2021.10.30-11.33.46:679][  0]LogDerivedDataCache: Unable to find inner node Shared for hierarchical cache Hierarchy.
[2021.10.30-11.33.46:769][  0]LogSlate: Using FreeType 2.10.0
[2021.10.30-11.33.46:797][  0]LogSlate: SlateFontServices - WITH_FREETYPE: 1, WITH_HARFBUZZ: 1
[2021.10.30-11.33.47:097][  0]LogAssetRegistry: FAssetRegistry took 0.0052 seconds to start up
[2021.10.30-11.33.48:150][  0]LogInit: Selected Device Profile: [Windows]
[2021.10.30-11.33.48:150][  0]LogInit: Active device profile: [00000230A8AD4D00][00000230A73288C0 49] Windows
[2021.10.30-11.33.48:151][  0]LogInit: Profiles: [00000230A8AD4D00][00000230A73288C0 49] Windows, [00000230A8AC2300][00000230A732CA00 49] WindowsNoEditor, [00000230A8AD5C00][00000230A86B2B40 49] WindowsServer, [00000230A8AC3100][00000230A86BACC0 49] WindowsClient, [00000230A8AD6900][00000230A86BEE40 49] IOS, [00000230A8AC1A00][00000230A86C2FC0 49] iPadAir, [00000230A8AD7E00][00000230A86C7140 49] iPadAir2, [00000230A8A71100][00000230A86CF400 49] IPadPro, [00000230A8A71200][00000230A86CB440 49] iPadAir3, [00000230A8AC0C00][00000230A86D35C0 49] iPadAir4, [00000230A8A71E00][00000230A86D7740 49] iPadMini2, [00000230A8AC3300][00000230A86DB8C0 49] iPadMini3, [00000230A8A73900][00000230A86DFA40 49] iPadMini4, [00000230A8AC1000][00000230A86E3BC0 49] iPadMini5, [00000230A8A84900][00000230A86EA300 49] iPhone6, [00000230A8A84A00][00000230A86E6340 49] iPodTouch6, [00000230A8AD6E00][00000230A86F2600 49] iPhone7, [00000230A8AD6F00][00000230A86EE640 49] iPodTouch7, [00000230A8A73E00][00000230A86F67C0 49] iPhone5S, [00000230A8AD5000][00000230A86FA940 49] iPhone6Plus, [00000230A8A84100][00000230A86B6A80 49] iPhone6S, [00000230A8A70300][00000230A86FEBC0 49] iPhone6SPlus, [00000230A8A86800][00000230A8702D00 49] iPhone7Plus, [00000230A8A72400][00000230A870AE80 49] iPhoneSE, [00000230A8A86600][00000230A870F000 49] iPhone8, [00000230A8A70400][00000230A8713180 49] iPhone8Plus, [00000230A8A87100][00000230A8717300 49] iPhoneX, [00000230A8AD5500][00000230A871B480 49] iPhoneXS, [00000230A8A86B00][00000230A871F600 49] iPhoneXSMax, [00000230A8AD4700][00000230A8723780 49] iPhoneXR, [00000230A8A84800][00000230A8727900 49] iPhone11, [00000230A8AD5100][00000230A872BA80 49] iPhone11Pro, [00000230A8A85A00][00000230A872FC00 49] iPhone11ProMax, [00000230A8AD7700][00000230A8732200 49] iPhoneSE2, [00000230A8A87800][00000230A8736380 49] iPhone12Mini, [00000230A8AD6300][00000230A873A500 49] iPhone12, [00000230A8A87200][00000230A9860680 49] iPhone12Pro, [00000230A8AD5300][00000230A9864800 49] iPhone12ProMax, [00000230A8A85500][00000230A9868980 49] iPadPro105, [00000230A8AD4A00][00000230A986CB00 49] iPadPro129, [00000230A8A87D00][00000230A8706C40 49] iPadPro97, [00000230A8AD6A00][00000230A9870D80 49] iPadPro2_129, [00000230A8A84E00][00000230A9874EC0 49] iPad5, [00000230A8AD5F00][00000230A987D040 49] iPad6, [00000230A8A85300][00000230A98811C0 49] iPad7, [00000230A8AD4200][00000230A9885340 49] iPad8, [00000230A8A84300][00000230A98894C0 49] iPadPro11, [00000230A8AD7100][00000230A988D640 49] iPadPro2_11, [00000230A8A85600][00000230A98917C0 49] iPadPro3_129, [00000230A8AD6700][00000230A9895940 49] iPadPro4_129, [00000230A8A85000][00000230A9899AC0 49] AppleTV, [00000230A8AD4900][00000230A989C0C0 49] AppleTV4K, [00000230A8A86300][00000230A98A0240 49] TVOS, [00000230A8AD4300][00000230A98A43C0 49] Mac, [00000230A8A87600][00000230A98A8540 49] MacClient, [00000230A8AD7900][00000230A98AC6C0 49] MacNoEditor, [00000230A8A87000][00000230A98B0840 49] MacServer, [00000230A8AD4800][00000230A98B49C0 49] Linux, [00000230A8A85D00][00000230A98B8B40 49] LinuxAArch64, [00000230A8AD6B00][00000230A98BCCC0 49] LinuxNoEditor, [00000230A8A87B00][00000230A9878E00 49] LinuxAArch64NoEditor, [00000230A8AD4400][00000230A98C0F40 49] LinuxClient, [00000230A8A86D00][00000230A98C5080 49] LinuxAArch64Client, [00000230A8AD7500][00000230A98C91C0 49] LinuxServer, [00000230A8A87F00][00000230A98D1340 49] LinuxAArch64Server, [00000230A8AD7A00][00000230A98D54C0 49] Android, [00000230A8A85C00][00000230A98D9640 49] Android_Low, [00000230A8AD6100][00000230A98DD7C0 49] Android_Mid, [00000230A8A86200][00000230A98E1940 49] Android_High, [00000230A8AD7400][00000230A98E5AC0 49] Android_Default, [00000230A8A85F00][00000230A98E80C0 49] Android_Adreno4xx, [00000230A8AD4B00][00000230A98EC240 49] Android_Adreno5xx_Low, [00000230A8A86F00][00000230A98F03C0 49] Android_Adreno5xx, [00000230A8AD7D00][00000230A98F4540 49] Android_Adreno6xx, [00000230A8AC0500][00000230A98F86C0 49] Android_Adreno6xx_Vulkan, [00000230A8A71500][00000230A98FC840 49] Android_Mali_T6xx, [00000230A8AC1100][00000230A99009C0 49] Android_Mali_T7xx, [00000230A8A73300][00000230A9904B40 49] Android_Mali_T8xx, [00000230A8AC2F00][00000230A9908CC0 49] Android_Mali_G71, [00000230A8A70100][00000230A990CE40 49] Android_Mali_G72, [00000230A8AC1600][00000230A98CCF80 49] Android_Mali_G72_Vulkan, [00000230A8A71300][00000230A99110C0 49] Android_Mali_G76, [00000230A8AC3A00][00000230A9915200 49] Android_Mali_G76_Vulkan, [00000230A8A72C00][00000230A9919340 49] Android_Mali_G77, [00000230A8AC1500][00000230A99214C0 49] Android_Mali_G77_Vulkan, [00000230A8A71800][00000230A9925640 49] Android_Mali_G78, [00000230A8AC2200][00000230A99297C0 49] Android_Mali_G78_Vulkan, [00000230A8A73D00][00000230A992D940 49] Android_Mali_G710, [00000230A8AC0300][00000230A9931AC0 49] Android_Mali_G710_Vulkan, [00000230A8A70200][00000230A99340C0 49] Android_Vulkan_SM5, [00000230A8AC0800][00000230A9938240 49] Android_PowerVR_G6xxx, [00000230A8A72500][00000230A993C3C0 49] Android_PowerVR_GT7xxx, [00000230A8AC0E00][00000230A9940540 49] Android_PowerVR_GE8xxx, [00000230A8A71400][00000230A99446C0 49] Android_PowerVR_GM9xxx, [00000230A8AC0D00][00000230A9948840 49] Android_PowerVR_GM9xxx_Vulkan, [00000230A8A72600][00000230A994C9C0 49] Android_TegraK1, [00000230A8AC1E00][00000230A9950B40 49] Android_Unknown_Vulkan, [00000230A8A73C00][00000230A9954CC0 49] Lumin, [00000230A8AC0A00][00000230A9958E40 49] Lumin_Desktop, [00000230A8A73B00][00000230A995CFC0 49] HoloLens, 
[2021.10.30-11.33.53:353][  0]LogMeshReduction: Using QuadricMeshReduction for automatic static mesh reduction
[2021.10.30-11.33.53:353][  0]LogMeshReduction: Using SimplygonMeshReduction for automatic skeletal mesh reduction
[2021.10.30-11.33.53:353][  0]LogMeshReduction: Using ProxyLODMeshReduction for automatic mesh merging
[2021.10.30-11.33.53:353][  0]LogMeshReduction: No distributed automatic mesh merging module available
[2021.10.30-11.33.53:353][  0]LogMeshMerging: No distributed automatic mesh merging module available
[2021.10.30-11.33.54:206][  0]LogNetVersion: LSN_fiast_Game 1.0.0, NetCL: 17155196, EngineNetVer: 17, GameNetVer: 0 (Checksum: 2032971743)
[2021.10.30-11.33.58:678][  0]LogTexture: Default maximum texture size for cubemaps generated from long-lat sources has been changed from 512 to unlimited. In order to preserve old behaiour for '/Engine/MapTemplates/Sky/DaylightAmbientCubemap.DaylightAmbientCubemap', its maximum texture size has been explicitly set to 512.
[2021.10.30-11.33.59:499][  0]LogHMD: PokeAHoleMaterial loaded successfully
[2021.10.30-11.33.59:511][  0]LogUObjectArray: 17178 objects as part of root set at end of initial load.
[2021.10.30-11.33.59:511][  0]LogUObjectAllocator: 4301856 out of 0 bytes used by permanent object pool.
[2021.10.30-11.33.59:511][  0]LogUObjectArray: CloseDisregardForGC: 0/0 objects in disregard for GC pool
[2021.10.30-11.34.12:075][  0]LogNiagaraDebuggerClient: Niagara Debugger Client Initialized | Session: 1E78EAB9462280C9F5CDAE980BA32228 | Instance: C6CBE7F04C00F3464F6CC7A03AF1C02E (DESKTOP-5K6PNL6-10712).
[2021.10.30-11.34.13:350][  0]LogStreaming: Warning: Failed to read file '../../../Engine/Content/Editor/Slate/Niagara/MenuSeparator.png' error.
[2021.10.30-11.34.13:350][  0]LogSlate: Could not find file for Slate resource: ../../../Engine/Content/Editor/Slate/Niagara/MenuSeparator.png
[2021.10.30-11.34.13:350][  0]LogStreaming: Warning: Failed to read file '../../../Engine/Content/Editor/Slate/Niagara/Common/Selector.png' error.
[2021.10.30-11.34.13:350][  0]LogSlate: Could not find file for Slate resource: ../../../Engine/Content/Editor/Slate/Niagara/Common/Selector.png
[2021.10.30-11.34.13:350][  0]LogStreaming: Warning: Failed to read file '../../../Engine/Content/Editor/Slate/Niagara/Common/Selection.png' error.
[2021.10.30-11.34.13:350][  0]LogSlate: Could not find file for Slate resource: ../../../Engine/Content/Editor/Slate/Niagara/Common/Selection.png
[2021.10.30-11.34.13:350][  0]LogStreaming: Warning: Failed to read file '../../../Engine/Content/Editor/Slate/Niagara/Common/DropZoneIndicator_Above.png' error.
[2021.10.30-11.34.13:350][  0]LogSlate: Could not find file for Slate resource: ../../../Engine/Content/Editor/Slate/Niagara/Common/DropZoneIndicator_Above.png
[2021.10.30-11.34.13:350][  0]LogStreaming: Warning: Failed to read file '../../../Engine/Content/Editor/Slate/Niagara/Common/DropZoneIndicator_Onto.png' error.
[2021.10.30-11.34.13:350][  0]LogSlate: Could not find file for Slate resource: ../../../Engine/Content/Editor/Slate/Niagara/Common/DropZoneIndicator_Onto.png
[2021.10.30-11.34.13:350][  0]LogStreaming: Warning: Failed to read file '../../../Engine/Content/Editor/Slate/Niagara/Common/DropZoneIndicator_Below.png' error.
[2021.10.30-11.34.13:350][  0]LogSlate: Could not find file for Slate resource: ../../../Engine/Content/Editor/Slate/Niagara/Common/DropZoneIndicator_Below.png
[2021.10.30-11.34.13:350][  0]LogStreaming: Warning: Failed to read file '../../../Engine/Content/Editor/Slate/Niagara/Common/RoundedSelection_16x.png' error.
[2021.10.30-11.34.13:350][  0]LogSlate: Could not find file for Slate resource: ../../../Engine/Content/Editor/Slate/Niagara/Common/RoundedSelection_16x.png
[2021.10.30-11.34.13:350][  0]LogStreaming: Warning: Failed to read file '../../../Engine/Content/Editor/Slate/Niagara/Common/FlatButton.png' error.
[2021.10.30-11.34.13:350][  0]LogSlate: Could not find file for Slate resource: ../../../Engine/Content/Editor/Slate/Niagara/Common/FlatButton.png
[2021.10.30-11.34.13:350][  0]LogImageWrapper: Warning: PNG Warning: Duplicate iCCP chunk
[2021.10.30-11.34.13:350][  0]LogImageWrapper: Warning: PNG Warning: Duplicate iCCP chunk
[2021.10.30-11.34.13:350][  0]LogPython: Using Python 3.7.7
[2021.10.30-11.34.19:958][  0]LogTcpMessaging: Initializing TcpMessaging bridge
[2021.10.30-11.34.20:078][  0]LogUdpMessaging: Initializing bridge on interface 0.0.0.0:0 to multicast group 230.0.0.1:6666.
[2021.10.30-11.34.22:592][  0]LogLinker: Warning:  '/Game/ThirdPersonBP/ThirdPersonOverview' のロードに失敗しました: ファイルが見つかりません
[2021.10.30-11.34.22:593][  0]LogLinker: Warning:  '/Game/ThirdPersonBP/ThirdPersonOverview' のロードに失敗しました: ファイルが見つかりません
[2021.10.30-11.34.22:594][  0]LogUObjectGlobals: Warning: オブジェクト 'Class /Game/ThirdPersonBP/ThirdPersonOverview.ThirdPersonOverview_C' が見つかりませんでした
[2021.10.30-11.34.29:883][  0]LogOpenImageDenoise: OIDN starting up
[2021.10.30-11.34.30:782][  0]LogAndroidPermission: UAndroidPermissionCallbackProxy::GetInstance
[2021.10.30-11.34.30:893][  0]LogAudioCaptureCore: Display: No Audio Capture implementations found. Audio input will be silent.
[2021.10.30-11.34.30:893][  0]LogAudioCaptureCore: Display: No Audio Capture implementations found. Audio input will be silent.
[2021.10.30-11.34.32:156][  0]SourceControl: ソースコントロールは無効です
[2021.10.30-11.34.32:156][  0]SourceControl: ソースコントロールは無効です
[2021.10.30-11.34.32:210][  0]SourceControl: ソースコントロールは無効です
[2021.10.30-11.34.32:311][  0]SourceControl: ソースコントロールは無効です
[2021.10.30-11.34.32:585][  0]LogUProjectInfo: Found projects:
[2021.10.30-11.34.32:614][  0]LogVSAccessor: Display: Unable to create Visual Studio setup instance: 80040154
[2021.10.30-11.34.32:615][  0]LogVSAccessor: Display: Unable to create Visual Studio setup instance: 80040154
[2021.10.30-11.34.32:619][  0]LogVSAccessor: Display: Unable to create Visual Studio setup instance: 80040154
[2021.10.30-11.34.32:678][  0]SourceControl: ソースコントロールは無効です
[2021.10.30-11.34.32:823][  0]LogCollectionManager: Loaded 0 collections in 0.001426 seconds
[2021.10.30-11.34.33:012][  0]LogFileCache: Scanning file cache for directory 'D:/Repository/LSN_Games/LSN_fiast_Game/Saved/Collections/' took 0.00s
[2021.10.30-11.34.33:012][  0]LogFileCache: Scanning file cache for directory 'D:/Repository/LSN_Games/LSN_fiast_Game/Content/Developers/Xyng/Collections/' took 0.00s
[2021.10.30-11.34.33:013][  0]LogFileCache: Scanning file cache for directory 'D:/Repository/LSN_Games/LSN_fiast_Game/Content/Collections/' took 0.00s
[2021.10.30-11.34.33:013][  0]LogOcInput: OculusInput pre-init called
[2021.10.30-11.34.33:576][  0]LogStreaming: Warning: Failed to read file '../../../Engine/Content/Editor/Slate/Niagara/MenuSeparator.png' error.
[2021.10.30-11.34.33:576][  0]LogSlate: Could not find file for Slate resource: ../../../Engine/Content/Editor/Slate/Niagara/MenuSeparator.png
[2021.10.30-11.34.33:576][  0]LogStreaming: Warning: Failed to read file '../../../Engine/Content/Editor/Slate/Niagara/Common/Selector.png' error.
[2021.10.30-11.34.33:576][  0]LogStreaming: Warning: Failed to read file '../../../Engine/Content/Editor/Slate/Niagara/Common/Selection.png' error.
[2021.10.30-11.34.33:576][  0]LogSlate: Could not find file for Slate resource: ../../../Engine/Content/Editor/Slate/Niagara/Common/Selection.png
[2021.10.30-11.34.33:576][  0]LogStreaming: Warning: Failed to read file '../../../Engine/Content/Editor/Slate/Niagara/Common/DropZoneIndicator_Above.png' error.
[2021.10.30-11.34.33:576][  0]LogSlate: Could not find file for Slate resource: ../../../Engine/Content/Editor/Slate/Niagara/Common/DropZoneIndicator_Above.png
[2021.10.30-11.34.33:576][  0]LogSlate: Could not find file for Slate resource: ../../../Engine/Content/Editor/Slate/Niagara/Common/Selector.png
[2021.10.30-11.34.33:576][  0]LogStreaming: Warning: Failed to read file '../../../Engine/Content/Editor/Slate/Niagara/Common/DropZoneIndicator_Onto.png' error.
[2021.10.30-11.34.33:576][  0]LogSlate: Could not find file for Slate resource: ../../../Engine/Content/Editor/Slate/Niagara/Common/DropZoneIndicator_Onto.png
[2021.10.30-11.34.33:576][  0]LogStreaming: Warning: Failed to read file '../../../Engine/Content/Editor/Slate/Niagara/Common/RoundedSelection_16x.png' error.
[2021.10.30-11.34.33:576][  0]LogStreaming: Warning: Failed to read file '../../../Engine/Content/Editor/Slate/Niagara/Common/DropZoneIndicator_Below.png' error.
[2021.10.30-11.34.33:576][  0]LogSlate: Could not find file for Slate resource: ../../../Engine/Content/Editor/Slate/Niagara/Common/DropZoneIndicator_Below.png
[2021.10.30-11.34.33:576][  0]LogSlate: Could not find file for Slate resource: ../../../Engine/Content/Editor/Slate/Niagara/Common/RoundedSelection_16x.png
[2021.10.30-11.34.33:638][  0]LogStreaming: Warning: Failed to read file '../../../Engine/Content/Editor/Slate/Niagara/Common/FlatButton.png' error.
[2021.10.30-11.34.33:638][  0]LogSlate: Could not find file for Slate resource: ../../../Engine/Content/Editor/Slate/Niagara/Common/FlatButton.png
[2021.10.30-11.34.33:638][  0]LogImageWrapper: Warning: PNG Warning: Duplicate iCCP chunk
[2021.10.30-11.34.33:638][  0]LogImageWrapper: Warning: PNG Warning: Duplicate iCCP chunk
[2021.10.30-11.34.34:099][  0]LogEngine: Initializing Engine...
[2021.10.30-11.34.34:560][  0]LogHMD: Failed to enumerate extensions. Please check that you have a valid OpenXR runtime installed.
[2021.10.30-11.34.34:581][  0]LogHMD: Failed to initialize OpenVR with code 110
[2021.10.30-11.34.34:591][  0]LogMagicLeap: Warning: VR disabled because ZI is not enabled.  To enable, in the editor, Edit -> Project Settings -> Plugins -> Magic Leap Plugin -> Enable Zero Iteration
[2021.10.30-11.34.34:593][  0]LogStats: UGameplayTagsManager::InitializeManager -  0.000 s
[2021.10.30-11.34.35:225][  0]LogInit: Initializing FReadOnlyCVARCache
[2021.10.30-11.34.35:396][  0]LogAIModule: Creating AISystem for world Untitled
[2021.10.30-11.34.35:397][  0]LogAudio: Display: Initializing Audio Device Manager...
[2021.10.30-11.34.35:604][  0]LogAudio: Display: Loading Default Audio Settings Objects...
[2021.10.30-11.34.35:605][  0]LogAudio: Display: No default SoundConcurrencyObject specified (or failed to load).
[2021.10.30-11.34.35:606][  0]LogAudio: Display: Audio Device Manager Initialized
[2021.10.30-11.34.35:606][  0]LogAudio: Display: Creating Audio Device:                 Id: 1, Scope: Shared, Realtime: True
[2021.10.30-11.34.35:606][  0]LogAudioMixer: Display: Audio Mixer Platform Settings:
[2021.10.30-11.34.35:606][  0]LogAudioMixer: Display: 	Sample Rate:						  48000
[2021.10.30-11.34.35:606][  0]LogAudioMixer: Display: 	Callback Buffer Frame Size Requested: 1024
[2021.10.30-11.34.35:606][  0]LogAudioMixer: Display: 	Callback Buffer Frame Size To Use:	  1024
[2021.10.30-11.34.35:606][  0]LogAudioMixer: Display: 	Number of buffers to queue:			  2
[2021.10.30-11.34.35:606][  0]LogAudioMixer: Display: 	Max Channels (voices):				  32
[2021.10.30-11.34.35:606][  0]LogAudioMixer: Display: 	Number of Async Source Workers:		  0
[2021.10.30-11.34.35:606][  0]LogAudio: Display: AudioDevice MaxSources: 32
[2021.10.30-11.34.35:606][  0]LogAudio: Display: Audio Spatialization Plugin: None (built-in).
[2021.10.30-11.34.35:606][  0]LogAudio: Display: Audio Reverb Plugin: None (built-in).
[2021.10.30-11.34.35:607][  0]LogAudio: Display: Audio Occlusion Plugin: None (built-in).
[2021.10.30-11.34.35:607][  0]LogAudioMixer: Display: Initializing audio mixer.
[2021.10.30-11.34.35:664][  0]LogAudioMixer: Display: 0: FrontLeft
[2021.10.30-11.34.35:664][  0]LogAudioMixer: Display: 1: FrontRight
[2021.10.30-11.34.35:690][  0]LogAudioMixer: Display: Using Audio Device スピーカー (2- UAB-80)
[2021.10.30-11.34.35:693][  0]LogAudioMixer: Display: Initializing Sound Submixes...
[2021.10.30-11.34.35:697][  0]LogAudioMixer: Display: Creating Master Submix 'MasterSubmixDefault'
[2021.10.30-11.34.35:697][  0]LogAudioMixer: Display: Creating Master Submix 'MasterReverbSubmixDefault'
[2021.10.30-11.34.35:698][  0]LogAudioMixer: Display: Creating Master Submix 'MasterEQSubmixDefault'
[2021.10.30-11.34.35:698][  0]LogAudioMixer: FMixerPlatformXAudio2::StartAudioStream() called
[2021.10.30-11.34.35:698][  0]LogAudioMixer: Display: Output buffers initialized: Frames=1024, Channels=2, Samples=2048
[2021.10.30-11.34.35:699][  0]LogAudioMixer: Display: Starting AudioMixerPlatformInterface::RunInternal()
[2021.10.30-11.34.35:699][  0]LogAudioMixer: Display: FMixerPlatformXAudio2::SubmitBuffer() called for the first time
[2021.10.30-11.34.35:699][  0]LogInit: FAudioDevice initialized.
[2021.10.30-11.34.35:699][  0]LogAudio: Display: Audio Device (ID: 1) registered with world 'Untitled'.
[2021.10.30-11.34.35:699][  0]LogNetVersion: Set ProjectVersion to 1.0.0.0. Version Checksum will be recalculated on next use.
[2021.10.30-11.34.35:808][  0]LogDerivedDataCache: Saved boot cache 0.11s 95MB C:/Users/tymko/AppData/Local/UnrealEngine/4.27/DerivedDataCache/Boot.ddc.
[2021.10.30-11.34.35:808][  0]LogInit: Texture streaming: Enabled
[2021.10.30-11.34.35:994][  0]LogAnalytics: Display: [UEEditor.Rocket.Release] APIServer = https://datarouter.ol.epicgames.com/. AppVersion = 4.27.0-17155196+++UE4+Release-4.27
[2021.10.30-11.34.36:161][  0]LogEngineSessionManager: EngineSessionManager initialized
[2021.10.30-11.34.36:161][  0]LogEditorSessionSummary: Verbose: Initializing EditorSessionSummaryWriter for editor session tracking
[2021.10.30-11.34.36:207][  0]LogEditorSessionSummary: EditorSessionSummaryWriter initialized
[2021.10.30-11.34.36:535][  0]LogInit: Transaction tracking system initialized
[2021.10.30-11.34.37:094][  0]BlueprintLog: New page: エディタの読み込み
[2021.10.30-11.34.37:745][  0]LocalizationService: ローカライズのサービスが無効になりました
[2021.10.30-11.34.37:871][  0]TimingProfiler: Initialize
[2021.10.30-11.34.37:871][  0]TimingProfiler: OnSessionChanged
[2021.10.30-11.34.37:871][  0]LoadingProfiler: Initialize
[2021.10.30-11.34.37:872][  0]LoadingProfiler: OnSessionChanged
[2021.10.30-11.34.37:872][  0]NetworkingProfiler: Initialize
[2021.10.30-11.34.37:872][  0]NetworkingProfiler: OnSessionChanged
[2021.10.30-11.34.37:872][  0]MemoryProfiler: Initialize
[2021.10.30-11.34.37:872][  0]MemoryProfiler: OnSessionChanged
[2021.10.30-11.34.38:976][  0]LogCook: Display: CookSettings for Memory: MemoryMaxUsedVirtual 0MiB, MemoryMaxUsedPhysical 16384MiB, MemoryMinFreeVirtual 0MiB, MemoryMinFreePhysical 1024MiB
[2021.10.30-11.34.38:976][  0]LogCook: Display: Mobile HDR setting 1
[2021.10.30-11.34.39:806][  0]LogFileCache: Scanning file cache for directory 'D:/Repository/LSN_Games/LSN_fiast_Game/Content/' took 0.03s
[2021.10.30-11.34.44:124][  0]LogStreaming: Warning: Failed to read file '../../../Engine/Content/Editor/Slate/Niagara/MenuSeparator.png' error.
[2021.10.30-11.34.44:124][  0]LogSlate: Could not find file for Slate resource: ../../../Engine/Content/Editor/Slate/Niagara/MenuSeparator.png
[2021.10.30-11.34.44:124][  0]LogStreaming: Warning: Failed to read file '../../../Engine/Content/Editor/Slate/Niagara/Common/Selector.png' error.
[2021.10.30-11.34.44:124][  0]LogSlate: Could not find file for Slate resource: ../../../Engine/Content/Editor/Slate/Niagara/Common/Selector.png
[2021.10.30-11.34.44:124][  0]LogImageWrapper: Warning: PNG Warning: Duplicate iCCP chunk
[2021.10.30-11.34.44:124][  0]LogStreaming: Warning: Failed to read file '../../../Engine/Content/Editor/Slate/Niagara/Common/Selection.png' error.
[2021.10.30-11.34.44:124][  0]LogSlate: Could not find file for Slate resource: ../../../Engine/Content/Editor/Slate/Niagara/Common/Selection.png
[2021.10.30-11.34.44:124][  0]LogStreaming: Warning: Failed to read file '../../../Engine/Content/Editor/Slate/Niagara/Common/DropZoneIndicator_Above.png' error.
[2021.10.30-11.34.44:124][  0]LogSlate: Could not find file for Slate resource: ../../../Engine/Content/Editor/Slate/Niagara/Common/DropZoneIndicator_Above.png
[2021.10.30-11.34.44:124][  0]LogStreaming: Warning: Failed to read file '../../../Engine/Content/Editor/Slate/Niagara/Common/DropZoneIndicator_Onto.png' error.
[2021.10.30-11.34.44:124][  0]LogSlate: Could not find file for Slate resource: ../../../Engine/Content/Editor/Slate/Niagara/Common/DropZoneIndicator_Onto.png
[2021.10.30-11.34.44:124][  0]LogStreaming: Warning: Failed to read file '../../../Engine/Content/Editor/Slate/Niagara/Common/DropZoneIndicator_Below.png' error.
[2021.10.30-11.34.44:124][  0]LogSlate: Could not find file for Slate resource: ../../../Engine/Content/Editor/Slate/Niagara/Common/DropZoneIndicator_Below.png
[2021.10.30-11.34.44:124][  0]LogStreaming: Warning: Failed to read file '../../../Engine/Content/Editor/Slate/Niagara/Common/RoundedSelection_16x.png' error.
[2021.10.30-11.34.44:124][  0]LogSlate: Could not find file for Slate resource: ../../../Engine/Content/Editor/Slate/Niagara/Common/RoundedSelection_16x.png
[2021.10.30-11.34.44:124][  0]LogStreaming: Warning: Failed to read file '../../../Engine/Content/Editor/Slate/Niagara/Common/FlatButton.png' error.
[2021.10.30-11.34.44:124][  0]LogSlate: Could not find file for Slate resource: ../../../Engine/Content/Editor/Slate/Niagara/Common/FlatButton.png
[2021.10.30-11.34.44:125][  0]LogImageWrapper: Warning: PNG Warning: Duplicate iCCP chunk
[2021.10.30-11.34.44:125][  0]LogInit: Display: Engine is initialized. Leaving FEngineLoop::Init()
[2021.10.30-11.34.44:190][  0]SourceControl: ソースコントロールは無効です
[2021.10.30-11.34.44:190][  0]LogUnrealEdMisc: Loading editor; pre map load, took 114.232
[2021.10.30-11.34.44:190][  0]Cmd: MAP LOAD FILE="../../../../../Repository/LSN_Games/LSN_fiast_Game/Content/StarterContent/Maps/Minimal_Default.umap" TEMPLATE=0 SHOWPROGRESS=1 FEATURELEVEL=3
[2021.10.30-11.34.44:191][  0]LightingResults: New page: ライティングのビルド
[2021.10.30-11.34.44:199][  0]LogWorld: UWorld::CleanupWorld for Untitled, bSessionEnded=true, bCleanupResources=true
[2021.10.30-11.34.44:200][  0]LogSlate: InvalidateAllWidgets triggered.  All widgets were invalidated
[2021.10.30-11.34.44:200][  0]MapCheck: New page: マップをチェック
[2021.10.30-11.34.44:200][  0]LightingResults: New page: <何も選択されていません>
[2021.10.30-11.34.44:209][  0]LogAudio: Display: Audio Device unregistered from world 'None'.
[2021.10.30-11.34.44:216][  0]LogUObjectHash: Compacting FUObjectHashTables data took   1.37ms
[2021.10.30-11.34.45:171][  0]LogTexture: Display: テクスチャをビルドしています:DeprecatedTexture8D91C9AE4C6B8D628CDA3C848426284A (BGRA8、128X128)
[2021.10.30-11.34.45:171][  0]LogTexture: Display: テクスチャをビルドしています:DeprecatedTextureD6C57B644F03DADF4F2699848FAEA3C3 (BGRA8、128X128)
[2021.10.30-11.34.45:532][  0]LogAudio: Display: Audio Device (ID: 1) registered with world 'Minimal_Default'.
[2021.10.30-11.34.45:533][  0]LogAIModule: Creating AISystem for world Minimal_Default
[2021.10.30-11.34.45:621][  0]LogEditorServer: Finished looking for orphan Actors (0.000 secs)
[2021.10.30-11.34.45:671][  0]LogUObjectHash: Compacting FUObjectHashTables data took   1.30ms
[2021.10.30-11.34.45:672][  0]Cmd: MAP CHECKDEP NOCLEARLOG
[2021.10.30-11.34.45:672][  0]MapCheck: マップチェックが完了: 0 エラー、 0 警告、完了に 0.326ミリ秒かかりました。
[2021.10.30-11.34.45:672][  0]LogFileHelpers: Loading map 'Minimal_Default' took 1.482
[2021.10.30-11.34.45:679][  0]LogUnrealEdMisc: Total Editor Startup Time, took 115.720
[2021.10.30-11.34.47:146][  0]LogSlate: Updating window title bar state: overlay mode, drag disabled, window buttons hidden, title bar hidden
[2021.10.30-11.34.47:182][  0]LogSlate: Updating window title bar state: overlay mode, drag disabled, window buttons hidden, title bar hidden
[2021.10.30-11.34.47:197][  0]LogSlate: Updating window title bar state: overlay mode, drag disabled, window buttons hidden, title bar hidden
[2021.10.30-11.34.47:210][  0]LogSlate: Updating window title bar state: overlay mode, drag disabled, window buttons hidden, title bar hidden
[2021.10.30-11.34.48:124][  0]LogNativeClassHierarchy: Verbose: Native class hierarchy populated in 0.0605 seconds. Added 3822 classes and 928 folders.
[2021.10.30-11.34.48:480][  0]LogNativeClassHierarchy: Verbose: Native class hierarchy updated for 'WidgetCarousel' in 0.0006 seconds. Added 0 classes and 0 folders.
[2021.10.30-11.34.48:699][  0]LogPakFile: PakFile PrimaryIndexSize=187
[2021.10.30-11.34.48:699][  0]LogPakFile: PakFile PathHashIndexSize=101
[2021.10.30-11.34.48:699][  0]LogPakFile: PakFile FullDirectoryIndexSize=148
[2021.10.30-11.34.48:728][  0]LogShaderLibrary: Display: ShaderCodeLibraryPakFileMountedCallback: PakFile 'D:/Unrealengine/UE_4.27/FeaturePacks/FP_FirstPerson.upack' (chunk index -1, root 'root:/') mounted
[2021.10.30-11.34.48:728][  0]LogShaderLibrary: Display: ShaderCodeLibraryPakFileMountedCallback: pending pak file info (ChunkID:-1 Root:root:/ File:D:/Unrealengine/UE_4.27/FeaturePacks/FP_FirstPerson.upack)
[2021.10.30-11.34.48:743][  0]LogPakFile: OnPakFileMounted2Time == 0.043491
[2021.10.30-11.34.48:797][  0]LogPakFile: PakFile PrimaryIndexSize=189
[2021.10.30-11.34.48:797][  0]LogPakFile: PakFile PathHashIndexSize=101
[2021.10.30-11.34.48:797][  0]LogPakFile: PakFile FullDirectoryIndexSize=152
[2021.10.30-11.34.48:797][  0]LogShaderLibrary: Display: ShaderCodeLibraryPakFileMountedCallback: PakFile 'D:/Unrealengine/UE_4.27/FeaturePacks/FP_FirstPersonBP.upack' (chunk index -1, root 'root:/') mounted
[2021.10.30-11.34.48:797][  0]LogShaderLibrary: Display: ShaderCodeLibraryPakFileMountedCallback: pending pak file info (ChunkID:-1 Root:root:/ File:D:/Unrealengine/UE_4.27/FeaturePacks/FP_FirstPersonBP.upack)
[2021.10.30-11.34.48:797][  0]LogPakFile: OnPakFileMounted2Time == 0.000095
[2021.10.30-11.34.48:800][  0]LogPakFile: PakFile PrimaryIndexSize=191
[2021.10.30-11.34.48:800][  0]LogPakFile: PakFile PathHashIndexSize=101
[2021.10.30-11.34.48:800][  0]LogPakFile: PakFile FullDirectoryIndexSize=160
[2021.10.30-11.34.48:800][  0]LogShaderLibrary: Display: ShaderCodeLibraryPakFileMountedCallback: PakFile 'D:/Unrealengine/UE_4.27/FeaturePacks/MobileStarterContent.upack' (chunk index -1, root 'root:/') mounted
[2021.10.30-11.34.48:800][  0]LogShaderLibrary: Display: ShaderCodeLibraryPakFileMountedCallback: pending pak file info (ChunkID:-1 Root:root:/ File:D:/Unrealengine/UE_4.27/FeaturePacks/MobileStarterContent.upack)
[2021.10.30-11.34.48:800][  0]LogPakFile: OnPakFileMounted2Time == 0.000067
[2021.10.30-11.34.48:826][  0]LogPakFile: PakFile PrimaryIndexSize=185
[2021.10.30-11.34.48:826][  0]LogPakFile: PakFile PathHashIndexSize=101
[2021.10.30-11.34.48:826][  0]LogPakFile: PakFile FullDirectoryIndexSize=148
[2021.10.30-11.34.48:826][  0]LogShaderLibrary: Display: ShaderCodeLibraryPakFileMountedCallback: PakFile 'D:/Unrealengine/UE_4.27/FeaturePacks/StarterContent.upack' (chunk index -1, root 'root:/') mounted
[2021.10.30-11.34.48:826][  0]LogShaderLibrary: Display: ShaderCodeLibraryPakFileMountedCallback: pending pak file info (ChunkID:-1 Root:root:/ File:D:/Unrealengine/UE_4.27/FeaturePacks/StarterContent.upack)
[2021.10.30-11.34.48:826][  0]LogPakFile: OnPakFileMounted2Time == 0.000086
[2021.10.30-11.34.48:829][  0]LogPakFile: PakFile PrimaryIndexSize=190
[2021.10.30-11.34.48:829][  0]LogPakFile: PakFile PathHashIndexSize=101
[2021.10.30-11.34.48:829][  0]LogPakFile: PakFile FullDirectoryIndexSize=154
[2021.10.30-11.34.48:829][  0]LogShaderLibrary: Display: ShaderCodeLibraryPakFileMountedCallback: PakFile 'D:/Unrealengine/UE_4.27/FeaturePacks/TP_2DSideScroller.upack' (chunk index -1, root 'root:/') mounted
[2021.10.30-11.34.48:829][  0]LogShaderLibrary: Display: ShaderCodeLibraryPakFileMountedCallback: pending pak file info (ChunkID:-1 Root:root:/ File:D:/Unrealengine/UE_4.27/FeaturePacks/TP_2DSideScroller.upack)
[2021.10.30-11.34.48:829][  0]LogPakFile: OnPakFileMounted2Time == 0.000049
[2021.10.30-11.34.48:832][  0]LogPakFile: PakFile PrimaryIndexSize=192
[2021.10.30-11.34.48:832][  0]LogPakFile: PakFile PathHashIndexSize=101
[2021.10.30-11.34.48:832][  0]LogPakFile: PakFile FullDirectoryIndexSize=158
[2021.10.30-11.34.48:832][  0]LogShaderLibrary: Display: ShaderCodeLibraryPakFileMountedCallback: PakFile 'D:/Unrealengine/UE_4.27/FeaturePacks/TP_2DSideScrollerBP.upack' (chunk index -1, root 'root:/') mounted
[2021.10.30-11.34.48:833][  0]LogShaderLibrary: Display: ShaderCodeLibraryPakFileMountedCallback: pending pak file info (ChunkID:-1 Root:root:/ File:D:/Unrealengine/UE_4.27/FeaturePacks/TP_2DSideScrollerBP.upack)
[2021.10.30-11.34.48:833][  0]LogPakFile: OnPakFileMounted2Time == 0.000064
[2021.10.30-11.34.48:837][  0]LogPakFile: PakFile PrimaryIndexSize=182
[2021.10.30-11.34.48:837][  0]LogPakFile: PakFile PathHashIndexSize=101
[2021.10.30-11.34.48:837][  0]LogPakFile: PakFile FullDirectoryIndexSize=138
[2021.10.30-11.34.48:837][  0]LogShaderLibrary: Display: ShaderCodeLibraryPakFileMountedCallback: PakFile 'D:/Unrealengine/UE_4.27/FeaturePacks/TP_Flying.upack' (chunk index -1, root 'root:/') mounted
[2021.10.30-11.34.48:837][  0]LogShaderLibrary: Display: ShaderCodeLibraryPakFileMountedCallback: pending pak file info (ChunkID:-1 Root:root:/ File:D:/Unrealengine/UE_4.27/FeaturePacks/TP_Flying.upack)
[2021.10.30-11.34.48:837][  0]LogPakFile: OnPakFileMounted2Time == 0.000048
[2021.10.30-11.34.48:861][  0]LogPakFile: PakFile PrimaryIndexSize=184
[2021.10.30-11.34.48:862][  0]LogPakFile: PakFile PathHashIndexSize=101
[2021.10.30-11.34.48:862][  0]LogPakFile: PakFile FullDirectoryIndexSize=142
[2021.10.30-11.34.48:862][  0]LogShaderLibrary: Display: ShaderCodeLibraryPakFileMountedCallback: PakFile 'D:/Unrealengine/UE_4.27/FeaturePacks/TP_FlyingBP.upack' (chunk index -1, root 'root:/') mounted
[2021.10.30-11.34.48:862][  0]LogShaderLibrary: Display: ShaderCodeLibraryPakFileMountedCallback: pending pak file info (ChunkID:-1 Root:root:/ File:D:/Unrealengine/UE_4.27/FeaturePacks/TP_FlyingBP.upack)
[2021.10.30-11.34.48:862][  0]LogPakFile: OnPakFileMounted2Time == 0.000078
[2021.10.30-11.34.48:868][  0]LogPakFile: PakFile PrimaryIndexSize=188
[2021.10.30-11.34.48:868][  0]LogPakFile: PakFile PathHashIndexSize=101
[2021.10.30-11.34.48:868][  0]LogPakFile: PakFile FullDirectoryIndexSize=150
[2021.10.30-11.34.48:868][  0]LogShaderLibrary: Display: ShaderCodeLibraryPakFileMountedCallback: PakFile 'D:/Unrealengine/UE_4.27/FeaturePacks/TP_HandheldARBP.upack' (chunk index -1, root 'root:/') mounted
[2021.10.30-11.34.48:868][  0]LogShaderLibrary: Display: ShaderCodeLibraryPakFileMountedCallback: pending pak file info (ChunkID:-1 Root:root:/ File:D:/Unrealengine/UE_4.27/FeaturePacks/TP_HandheldARBP.upack)
[2021.10.30-11.34.48:868][  0]LogPakFile: OnPakFileMounted2Time == 0.000095
[2021.10.30-11.34.48:887][  0]LogPakFile: PakFile PrimaryIndexSize=182
[2021.10.30-11.34.48:887][  0]LogPakFile: PakFile PathHashIndexSize=101
[2021.10.30-11.34.48:887][  0]LogPakFile: PakFile FullDirectoryIndexSize=138
[2021.10.30-11.34.48:887][  0]LogShaderLibrary: Display: ShaderCodeLibraryPakFileMountedCallback: PakFile 'D:/Unrealengine/UE_4.27/FeaturePacks/TP_Puzzle.upack' (chunk index -1, root 'root:/') mounted
[2021.10.30-11.34.48:887][  0]LogShaderLibrary: Display: ShaderCodeLibraryPakFileMountedCallback: pending pak file info (ChunkID:-1 Root:root:/ File:D:/Unrealengine/UE_4.27/FeaturePacks/TP_Puzzle.upack)
[2021.10.30-11.34.48:888][  0]LogPakFile: OnPakFileMounted2Time == 0.000056
[2021.10.30-11.34.48:893][  0]LogPakFile: PakFile PrimaryIndexSize=184
[2021.10.30-11.34.48:893][  0]LogPakFile: PakFile PathHashIndexSize=101
[2021.10.30-11.34.48:893][  0]LogPakFile: PakFile FullDirectoryIndexSize=142
[2021.10.30-11.34.48:893][  0]LogShaderLibrary: Display: ShaderCodeLibraryPakFileMountedCallback: PakFile 'D:/Unrealengine/UE_4.27/FeaturePacks/TP_PuzzleBP.upack' (chunk index -1, root 'root:/') mounted
[2021.10.30-11.34.48:893][  0]LogShaderLibrary: Display: ShaderCodeLibraryPakFileMountedCallback: pending pak file info (ChunkID:-1 Root:root:/ File:D:/Unrealengine/UE_4.27/FeaturePacks/TP_PuzzleBP.upack)
[2021.10.30-11.34.48:893][  0]LogPakFile: OnPakFileMounted2Time == 0.000114
[2021.10.30-11.34.48:903][  0]LogPakFile: PakFile PrimaryIndexSize=183
[2021.10.30-11.34.48:903][  0]LogPakFile: PakFile PathHashIndexSize=101
[2021.10.30-11.34.48:903][  0]LogPakFile: PakFile FullDirectoryIndexSize=140
[2021.10.30-11.34.48:903][  0]LogShaderLibrary: Display: ShaderCodeLibraryPakFileMountedCallback: PakFile 'D:/Unrealengine/UE_4.27/FeaturePacks/TP_Rolling.upack' (chunk index -1, root 'root:/') mounted
[2021.10.30-11.34.48:904][  0]LogShaderLibrary: Display: ShaderCodeLibraryPakFileMountedCallback: pending pak file info (ChunkID:-1 Root:root:/ File:D:/Unrealengine/UE_4.27/FeaturePacks/TP_Rolling.upack)
[2021.10.30-11.34.48:904][  0]LogPakFile: OnPakFileMounted2Time == 0.000081
[2021.10.30-11.34.48:906][  0]LogPakFile: PakFile PrimaryIndexSize=185
[2021.10.30-11.34.48:906][  0]LogPakFile: PakFile PathHashIndexSize=101
[2021.10.30-11.34.48:906][  0]LogPakFile: PakFile FullDirectoryIndexSize=144
[2021.10.30-11.34.48:906][  0]LogShaderLibrary: Display: ShaderCodeLibraryPakFileMountedCallback: PakFile 'D:/Unrealengine/UE_4.27/FeaturePacks/TP_RollingBP.upack' (chunk index -1, root 'root:/') mounted
[2021.10.30-11.34.48:906][  0]LogShaderLibrary: Display: ShaderCodeLibraryPakFileMountedCallback: pending pak file info (ChunkID:-1 Root:root:/ File:D:/Unrealengine/UE_4.27/FeaturePacks/TP_RollingBP.upack)
[2021.10.30-11.34.48:906][  0]LogPakFile: OnPakFileMounted2Time == 0.000076
[2021.10.30-11.34.48:973][  0]LogPakFile: PakFile PrimaryIndexSize=188
[2021.10.30-11.34.48:973][  0]LogPakFile: PakFile PathHashIndexSize=101
[2021.10.30-11.34.48:973][  0]LogPakFile: PakFile FullDirectoryIndexSize=150
[2021.10.30-11.34.48:973][  0]LogShaderLibrary: Display: ShaderCodeLibraryPakFileMountedCallback: PakFile 'D:/Unrealengine/UE_4.27/FeaturePacks/TP_SideScroller.upack' (chunk index -1, root 'root:/') mounted
[2021.10.30-11.34.48:973][  0]LogShaderLibrary: Display: ShaderCodeLibraryPakFileMountedCallback: pending pak file info (ChunkID:-1 Root:root:/ File:D:/Unrealengine/UE_4.27/FeaturePacks/TP_SideScroller.upack)
[2021.10.30-11.34.48:973][  0]LogPakFile: OnPakFileMounted2Time == 0.000089
[2021.10.30-11.34.48:976][  0]LogPakFile: PakFile PrimaryIndexSize=190
[2021.10.30-11.34.48:976][  0]LogPakFile: PakFile PathHashIndexSize=101
[2021.10.30-11.34.48:976][  0]LogPakFile: PakFile FullDirectoryIndexSize=154
[2021.10.30-11.34.48:976][  0]LogShaderLibrary: Display: ShaderCodeLibraryPakFileMountedCallback: PakFile 'D:/Unrealengine/UE_4.27/FeaturePacks/TP_SideScrollerBP.upack' (chunk index -1, root 'root:/') mounted
[2021.10.30-11.34.48:976][  0]LogShaderLibrary: Display: ShaderCodeLibraryPakFileMountedCallback: pending pak file info (ChunkID:-1 Root:root:/ File:D:/Unrealengine/UE_4.27/FeaturePacks/TP_SideScrollerBP.upack)
[2021.10.30-11.34.48:976][  0]LogPakFile: OnPakFileMounted2Time == 0.000083
[2021.10.30-11.34.48:981][  0]LogPakFile: PakFile PrimaryIndexSize=187
[2021.10.30-11.34.48:981][  0]LogPakFile: PakFile PathHashIndexSize=101
[2021.10.30-11.34.48:981][  0]LogPakFile: PakFile FullDirectoryIndexSize=148
[2021.10.30-11.34.48:981][  0]LogShaderLibrary: Display: ShaderCodeLibraryPakFileMountedCallback: PakFile 'D:/Unrealengine/UE_4.27/FeaturePacks/TP_ThirdPerson.upack' (chunk index -1, root 'root:/') mounted
[2021.10.30-11.34.48:981][  0]LogShaderLibrary: Display: ShaderCodeLibraryPakFileMountedCallback: pending pak file info (ChunkID:-1 Root:root:/ File:D:/Unrealengine/UE_4.27/FeaturePacks/TP_ThirdPerson.upack)
[2021.10.30-11.34.48:981][  0]LogPakFile: OnPakFileMounted2Time == 0.000067
[2021.10.30-11.34.48:983][  0]LogPakFile: PakFile PrimaryIndexSize=189
[2021.10.30-11.34.48:983][  0]LogPakFile: PakFile PathHashIndexSize=101
[2021.10.30-11.34.48:983][  0]LogPakFile: PakFile FullDirectoryIndexSize=152
[2021.10.30-11.34.48:983][  0]LogShaderLibrary: Display: ShaderCodeLibraryPakFileMountedCallback: PakFile 'D:/Unrealengine/UE_4.27/FeaturePacks/TP_ThirdPersonBP.upack' (chunk index -1, root 'root:/') mounted
[2021.10.30-11.34.48:984][  0]LogShaderLibrary: Display: ShaderCodeLibraryPakFileMountedCallback: pending pak file info (ChunkID:-1 Root:root:/ File:D:/Unrealengine/UE_4.27/FeaturePacks/TP_ThirdPersonBP.upack)
[2021.10.30-11.34.48:984][  0]LogPakFile: OnPakFileMounted2Time == 0.000075
[2021.10.30-11.34.48:986][  0]LogPakFile: PakFile PrimaryIndexSize=183
[2021.10.30-11.34.48:987][  0]LogPakFile: PakFile PathHashIndexSize=101
[2021.10.30-11.34.48:987][  0]LogPakFile: PakFile FullDirectoryIndexSize=140
[2021.10.30-11.34.48:987][  0]LogShaderLibrary: Display: ShaderCodeLibraryPakFileMountedCallback: PakFile 'D:/Unrealengine/UE_4.27/FeaturePacks/TP_TopDown.upack' (chunk index -1, root 'root:/') mounted
[2021.10.30-11.34.48:987][  0]LogShaderLibrary: Display: ShaderCodeLibraryPakFileMountedCallback: pending pak file info (ChunkID:-1 Root:root:/ File:D:/Unrealengine/UE_4.27/FeaturePacks/TP_TopDown.upack)
[2021.10.30-11.34.48:987][  0]LogPakFile: OnPakFileMounted2Time == 0.000076
[2021.10.30-11.34.48:990][  0]LogPakFile: PakFile PrimaryIndexSize=185
[2021.10.30-11.34.48:990][  0]LogPakFile: PakFile PathHashIndexSize=101
[2021.10.30-11.34.48:990][  0]LogPakFile: PakFile FullDirectoryIndexSize=144
[2021.10.30-11.34.48:990][  0]LogShaderLibrary: Display: ShaderCodeLibraryPakFileMountedCallback: PakFile 'D:/Unrealengine/UE_4.27/FeaturePacks/TP_TopDownBP.upack' (chunk index -1, root 'root:/') mounted
[2021.10.30-11.34.48:990][  0]LogShaderLibrary: Display: ShaderCodeLibraryPakFileMountedCallback: pending pak file info (ChunkID:-1 Root:root:/ File:D:/Unrealengine/UE_4.27/FeaturePacks/TP_TopDownBP.upack)
[2021.10.30-11.34.48:990][  0]LogPakFile: OnPakFileMounted2Time == 0.000156
[2021.10.30-11.34.48:994][  0]LogPakFile: PakFile PrimaryIndexSize=185
[2021.10.30-11.34.48:994][  0]LogPakFile: PakFile PathHashIndexSize=101
[2021.10.30-11.34.48:994][  0]LogPakFile: PakFile FullDirectoryIndexSize=144
[2021.10.30-11.34.48:994][  0]LogShaderLibrary: Display: ShaderCodeLibraryPakFileMountedCallback: PakFile 'D:/Unrealengine/UE_4.27/FeaturePacks/TP_TwinStick.upack' (chunk index -1, root 'root:/') mounted
[2021.10.30-11.34.48:994][  0]LogShaderLibrary: Display: ShaderCodeLibraryPakFileMountedCallback: pending pak file info (ChunkID:-1 Root:root:/ File:D:/Unrealengine/UE_4.27/FeaturePacks/TP_TwinStick.upack)
[2021.10.30-11.34.48:994][  0]LogPakFile: OnPakFileMounted2Time == 0.000055
[2021.10.30-11.34.49:023][  0]LogPakFile: PakFile PrimaryIndexSize=187
[2021.10.30-11.34.49:023][  0]LogPakFile: PakFile PathHashIndexSize=101
[2021.10.30-11.34.49:023][  0]LogPakFile: PakFile FullDirectoryIndexSize=148
[2021.10.30-11.34.49:023][  0]LogShaderLibrary: Display: ShaderCodeLibraryPakFileMountedCallback: PakFile 'D:/Unrealengine/UE_4.27/FeaturePacks/TP_TwinStickBP.upack' (chunk index -1, root 'root:/') mounted
[2021.10.30-11.34.49:023][  0]LogShaderLibrary: Display: ShaderCodeLibraryPakFileMountedCallback: pending pak file info (ChunkID:-1 Root:root:/ File:D:/Unrealengine/UE_4.27/FeaturePacks/TP_TwinStickBP.upack)
[2021.10.30-11.34.49:023][  0]LogPakFile: OnPakFileMounted2Time == 0.000085
[2021.10.30-11.34.49:026][  0]LogPakFile: PakFile PrimaryIndexSize=183
[2021.10.30-11.34.49:026][  0]LogPakFile: PakFile PathHashIndexSize=101
[2021.10.30-11.34.49:026][  0]LogPakFile: PakFile FullDirectoryIndexSize=140
[2021.10.30-11.34.49:026][  0]LogShaderLibrary: Display: ShaderCodeLibraryPakFileMountedCallback: PakFile 'D:/Unrealengine/UE_4.27/FeaturePacks/TP_Vehicle.upack' (chunk index -1, root 'root:/') mounted
[2021.10.30-11.34.49:027][  0]LogShaderLibrary: Display: ShaderCodeLibraryPakFileMountedCallback: pending pak file info (ChunkID:-1 Root:root:/ File:D:/Unrealengine/UE_4.27/FeaturePacks/TP_Vehicle.upack)
[2021.10.30-11.34.49:027][  0]LogPakFile: OnPakFileMounted2Time == 0.000218
[2021.10.30-11.34.49:029][  0]LogPakFile: PakFile PrimaryIndexSize=186
[2021.10.30-11.34.49:029][  0]LogPakFile: PakFile PathHashIndexSize=101
[2021.10.30-11.34.49:029][  0]LogPakFile: PakFile FullDirectoryIndexSize=146
[2021.10.30-11.34.49:029][  0]LogShaderLibrary: Display: ShaderCodeLibraryPakFileMountedCallback: PakFile 'D:/Unrealengine/UE_4.27/FeaturePacks/TP_VehicleAdv.upack' (chunk index -1, root 'root:/') mounted
[2021.10.30-11.34.49:029][  0]LogShaderLibrary: Display: ShaderCodeLibraryPakFileMountedCallback: pending pak file info (ChunkID:-1 Root:root:/ File:D:/Unrealengine/UE_4.27/FeaturePacks/TP_VehicleAdv.upack)
[2021.10.30-11.34.49:029][  0]LogPakFile: OnPakFileMounted2Time == 0.000086
[2021.10.30-11.34.49:061][  0]LogPakFile: PakFile PrimaryIndexSize=188
[2021.10.30-11.34.49:061][  0]LogPakFile: PakFile PathHashIndexSize=101
[2021.10.30-11.34.49:061][  0]LogPakFile: PakFile FullDirectoryIndexSize=150
[2021.10.30-11.34.49:061][  0]LogShaderLibrary: Display: ShaderCodeLibraryPakFileMountedCallback: PakFile 'D:/Unrealengine/UE_4.27/FeaturePacks/TP_VehicleAdvBP.upack' (chunk index -1, root 'root:/') mounted
[2021.10.30-11.34.49:061][  0]LogShaderLibrary: Display: ShaderCodeLibraryPakFileMountedCallback: pending pak file info (ChunkID:-1 Root:root:/ File:D:/Unrealengine/UE_4.27/FeaturePacks/TP_VehicleAdvBP.upack)
[2021.10.30-11.34.49:061][  0]LogPakFile: OnPakFileMounted2Time == 0.000101
[2021.10.30-11.34.49:065][  0]LogPakFile: PakFile PrimaryIndexSize=185
[2021.10.30-11.34.49:065][  0]LogPakFile: PakFile PathHashIndexSize=101
[2021.10.30-11.34.49:065][  0]LogPakFile: PakFile FullDirectoryIndexSize=144
[2021.10.30-11.34.49:065][  0]LogShaderLibrary: Display: ShaderCodeLibraryPakFileMountedCallback: PakFile 'D:/Unrealengine/UE_4.27/FeaturePacks/TP_VehicleBP.upack' (chunk index -1, root 'root:/') mounted
[2021.10.30-11.34.49:065][  0]LogShaderLibrary: Display: ShaderCodeLibraryPakFileMountedCallback: pending pak file info (ChunkID:-1 Root:root:/ File:D:/Unrealengine/UE_4.27/FeaturePacks/TP_VehicleBP.upack)
[2021.10.30-11.34.49:065][  0]LogPakFile: OnPakFileMounted2Time == 0.000080
[2021.10.30-11.34.49:068][  0]LogPakFile: PakFile PrimaryIndexSize=192
[2021.10.30-11.34.49:068][  0]LogPakFile: PakFile PathHashIndexSize=101
[2021.10.30-11.34.49:068][  0]LogPakFile: PakFile FullDirectoryIndexSize=158
[2021.10.30-11.34.49:068][  0]LogShaderLibrary: Display: ShaderCodeLibraryPakFileMountedCallback: PakFile 'D:/Unrealengine/UE_4.27/FeaturePacks/TP_VirtualRealityBP.upack' (chunk index -1, root 'root:/') mounted
[2021.10.30-11.34.49:068][  0]LogShaderLibrary: Display: ShaderCodeLibraryPakFileMountedCallback: pending pak file info (ChunkID:-1 Root:root:/ File:D:/Unrealengine/UE_4.27/FeaturePacks/TP_VirtualRealityBP.upack)
[2021.10.30-11.34.49:068][  0]LogPakFile: OnPakFileMounted2Time == 0.000083
[2021.10.30-11.34.51:878][  0]LogNativeClassHierarchy: Verbose: Native class hierarchy updated for 'AddContentDialog' in 0.0003 seconds. Added 0 classes and 0 folders.
[2021.10.30-11.34.52:106][  0]LogNativeClassHierarchy: Verbose: Native class hierarchy updated for 'SceneOutliner' in 0.0004 seconds. Added 2 classes and 0 folders.
[2021.10.30-11.34.53:423][  0]LogSlate: Took 0.000233 seconds to synchronously load lazily loaded font '../../../Engine/Content/Slate/Fonts/Roboto-Regular.ttf' (155K)
[2021.10.30-11.34.53:457][  0]LogSlate: Took 0.020120 seconds to synchronously load lazily loaded font '../../../Engine/Content/Editor/Slate/Fonts/FontAwesome.ttf' (139K)
[2021.10.30-11.34.53:498][  0]LogSlate: Took 0.000597 seconds to synchronously load lazily loaded font '../../../Engine/Content/Editor/Slate/Fonts/GenEiGothicPro-Regular.otf' (707K)
[2021.10.30-11.34.53:499][  0]LogSlate: Took 0.000463 seconds to synchronously load lazily loaded font '../../../Engine/Content/Editor/Slate/Fonts/GenEiGothicPro-Bold.otf' (698K)
[2021.10.30-11.34.53:500][  0]LogSlate: Took 0.000271 seconds to synchronously load lazily loaded font '../../../Engine/Content/Slate/Fonts/Roboto-Bold.ttf' (160K)
[2021.10.30-11.34.54:687][  0]LogRenderer: Reallocating scene render targets to support 1024x600 Format 10 NumSamples 1 (Frame:1).
[2021.10.30-11.34.56:493][  0]LogNativeClassHierarchy: Verbose: Native class hierarchy updated for 'HierarchicalLODOutliner' in 0.0004 seconds. Added 0 classes and 0 folders.
[2021.10.30-11.34.56:493][  0]LogLoad: (Engine Initialization) Total time: 126.53 seconds
[2021.10.30-11.34.56:493][  0]LogLoad: (Engine Initialization) Total Blueprint compile time: 0.00 seconds
[2021.10.30-11.34.56:938][  0]LogContentStreaming: Texture pool size now 1000 MB
[2021.10.30-11.34.57:567][  2]LogAssetRegistry: Asset discovery search completed in 70.4715 seconds
[2021.10.30-11.34.57:780][  2]LogCollectionManager: Fixed up redirectors for 0 collections in 0.000005 seconds (updated 0 objects)
[2021.10.30-11.34.58:118][  2]LogSlate: Took 0.034778 seconds to synchronously load lazily loaded font '../../../Engine/Content/Slate/Fonts/Roboto-Light.ttf' (167K)
[2021.10.30-11.40.55:556][937]LogUObjectHash: Compacting FUObjectHashTables data took   0.87ms
[2021.10.30-11.40.55:596][937]LogSlate: Took 0.000282 seconds to synchronously load lazily loaded font '../../../Engine/Content/Slate/Fonts/Roboto-Light.ttf' (167K)
[2021.10.30-11.40.55:612][937]LogSlate: Took 0.015020 seconds to synchronously load lazily loaded font '../../../Engine/Content/Editor/Slate/Fonts/GenEiGothicPro-Light.otf' (713K)
[2021.10.30-11.40.55:868][937]LogAssetEditorSubsystem: Opening Asset editor for World /Game/Map/Park1.Park1
[2021.10.30-11.40.55:868][937]Cmd: MAP LOAD FILE="../../../../../Repository/LSN_Games/LSN_fiast_Game/Content/Map/Park1.umap" TEMPLATE=0 SHOWPROGRESS=1 FEATURELEVEL=3
[2021.10.30-11.40.55:868][937]LightingResults: New page: ライティングのビルド
[2021.10.30-11.40.55:868][937]LoadErrors: New page: マップをロード中: Park1.umap
[2021.10.30-11.40.56:081][937]LogWorld: UWorld::CleanupWorld for Minimal_Default, bSessionEnded=true, bCleanupResources=true
[2021.10.30-11.40.56:119][937]LogSlate: InvalidateAllWidgets triggered.  All widgets were invalidated
[2021.10.30-11.40.56:147][937]MapCheck: New page: マップをチェック
[2021.10.30-11.40.56:147][937]LightingResults: New page: <何も選択されていません>
[2021.10.30-11.40.56:197][937]LogAudio: Display: Audio Device unregistered from world 'None'.
[2021.10.30-11.40.56:354][937]LogUObjectHash: Compacting FUObjectHashTables data took   0.67ms
[2021.10.30-11.40.56:381][937]LogAudio: Display: Audio Device (ID: 1) registered with world 'Park1'.
[2021.10.30-11.40.56:430][937]LogEditorServer: Finished looking for orphan Actors (0.000 secs)
[2021.10.30-11.40.56:430][937]LogAIModule: Creating AISystem for world Park1
[2021.10.30-11.40.56:443][937]LogUObjectHash: Compacting FUObjectHashTables data took   0.87ms
[2021.10.30-11.40.56:471][937]Cmd: MAP CHECKDEP NOCLEARLOG
[2021.10.30-11.40.56:472][937]MapCheck: マップチェックが完了: 0 エラー、 0 警告、完了に 0.264ミリ秒かかりました。
[2021.10.30-11.40.56:472][937]LogFileHelpers: Loading map 'Park1' took 0.604
[2021.10.30-11.41.14:186][893]Cmd: BRUSH ADD SELECTNEWBRUSH
[2021.10.30-11.41.21:696][644]Cmd: DELETE
[2021.10.30-11.41.21:728][644]Cmd: ACTOR DELETE
[2021.10.30-11.41.22:162][644]LogEditorActor: Deleted Actor: Brush
[2021.10.30-11.41.22:179][644]LogUObjectHash: Compacting FUObjectHashTables data took   0.74ms
[2021.10.30-11.41.22:195][644]LogEditorActor: Deleted 1 Actors (0.089 secs)
